/home/pc/ros2_ws/install/robotics_proj/lib/python3.10/site-packages/robotics_proj/test_control.py
/home/pc/ros2_ws/install/robotics_proj/lib/python3.10/site-packages/robotics_proj/control_node.py
/home/pc/ros2_ws/install/robotics_proj/lib/python3.10/site-packages/robotics_proj/__init__.py
/home/pc/ros2_ws/install/robotics_proj/lib/python3.10/site-packages/robotics_proj/motor_ready.py
/home/pc/ros2_ws/install/robotics_proj/lib/python3.10/site-packages/robotics_proj/__pycache__/test_control.cpython-310.pyc
/home/pc/ros2_ws/install/robotics_proj/lib/python3.10/site-packages/robotics_proj/__pycache__/control_node.cpython-310.pyc
/home/pc/ros2_ws/install/robotics_proj/lib/python3.10/site-packages/robotics_proj/__pycache__/__init__.cpython-310.pyc
/home/pc/ros2_ws/install/robotics_proj/lib/python3.10/site-packages/robotics_proj/__pycache__/motor_ready.cpython-310.pyc
/home/pc/ros2_ws/install/robotics_proj/share/ament_index/resource_index/packages/robotics_proj
/home/pc/ros2_ws/install/robotics_proj/share/robotics_proj/package.xml
/home/pc/ros2_ws/install/robotics_proj/lib/python3.10/site-packages/robotics_proj-0.0.0-py3.10.egg-info/PKG-INFO
/home/pc/ros2_ws/install/robotics_proj/lib/python3.10/site-packages/robotics_proj-0.0.0-py3.10.egg-info/SOURCES.txt
/home/pc/ros2_ws/install/robotics_proj/lib/python3.10/site-packages/robotics_proj-0.0.0-py3.10.egg-info/requires.txt
/home/pc/ros2_ws/install/robotics_proj/lib/python3.10/site-packages/robotics_proj-0.0.0-py3.10.egg-info/top_level.txt
/home/pc/ros2_ws/install/robotics_proj/lib/python3.10/site-packages/robotics_proj-0.0.0-py3.10.egg-info/dependency_links.txt
/home/pc/ros2_ws/install/robotics_proj/lib/python3.10/site-packages/robotics_proj-0.0.0-py3.10.egg-info/zip-safe
/home/pc/ros2_ws/install/robotics_proj/lib/python3.10/site-packages/robotics_proj-0.0.0-py3.10.egg-info/entry_points.txt
/home/pc/ros2_ws/install/robotics_proj/lib/robotics_proj/control_ready
/home/pc/ros2_ws/install/robotics_proj/lib/robotics_proj/motor_ready
/home/pc/ros2_ws/install/robotics_proj/lib/robotics_proj/test_control
