[0.009s] Invoking command in '/home/pc/ros2_ws/build/robotics_interfaces': CMAKE_PREFIX_PATH=${CMAKE_PREFIX_PATH}:/home/pc/MG_motor_ws/install/MG_Motor_test:/home/pc/mobile_ws/install/sensing_pkg:/home/pc/mobile_ws/install/my_turtle_proj:/home/pc/mobile_ws/install/lec_pkg_py:/home/pc/mobile_ws/install/dxl_pwm_control:/home/pc/ros2_ws/install/test_robotics_proj:/home/pc/ros2_ws/install/robotics_proj:/opt/ros/humble /usr/bin/cmake --build /home/pc/ros2_ws/build/robotics_interfaces -- -j16 -l16
[0.039s] -- Found ament_cmake: 1.3.11 (/opt/ros/humble/share/ament_cmake/cmake)
[0.146s] -- Found geometry_msgs: 4.8.0 (/opt/ros/humble/share/geometry_msgs/cmake)
[0.169s] -- Found rosidl_generator_c: 3.1.6 (/opt/ros/humble/share/rosidl_generator_c/cmake)
[0.172s] -- Found rosidl_adapter: 3.1.6 (/opt/ros/humble/share/rosidl_adapter/cmake)
[0.177s] -- Found rosidl_generator_cpp: 3.1.6 (/opt/ros/humble/share/rosidl_generator_cpp/cmake)
[0.186s] -- Using all available rosidl_typesupport_c: rosidl_typesupport_fastrtps_c;rosidl_typesupport_introspection_c
[0.196s] -- Using all available rosidl_typesupport_cpp: rosidl_typesupport_fastrtps_cpp;rosidl_typesupport_introspection_cpp
[0.226s] -- Found rosidl_default_generators: 1.2.0 (/opt/ros/humble/share/rosidl_default_generators/cmake)
[0.425s] -- Found ament_cmake_ros: 0.10.0 (/opt/ros/humble/share/ament_cmake_ros/cmake)
[0.672s] -- Using all available rosidl_typesupport_c: rosidl_typesupport_fastrtps_c;rosidl_typesupport_introspection_c
[0.765s] -- Using all available rosidl_typesupport_cpp: rosidl_typesupport_fastrtps_cpp;rosidl_typesupport_introspection_cpp
[0.783s] -- Found python_cmake_module: 0.10.0 (/opt/ros/humble/share/python_cmake_module/cmake)
[0.802s] -- Using PYTHON_EXECUTABLE: /usr/bin/python3
[0.802s] -- Using PYTHON_INCLUDE_DIRS: /usr/include/python3.10
[0.802s] -- Using PYTHON_LIBRARIES: /usr/lib/x86_64-linux-gnu/libpython3.10.so
[0.819s] -- Configuring done
[0.849s] -- Generating done
[0.857s] -- Build files have been written to: /home/pc/ros2_ws/build/robotics_interfaces
[0.876s] [  3%] [34m[1mGenerating C code for ROS interfaces[0m
[0.884s] [  6%] [34m[1mGenerating C++ code for ROS interfaces[0m
[0.892s] [  6%] Built target ament_cmake_python_copy_robotics_interfaces
[1.063s] running egg_info
[1.063s] writing robotics_interfaces.egg-info/PKG-INFO
[1.063s] writing dependency_links to robotics_interfaces.egg-info/dependency_links.txt
[1.064s] writing top-level names to robotics_interfaces.egg-info/top_level.txt
[1.066s] reading manifest file 'robotics_interfaces.egg-info/SOURCES.txt'
[1.067s] writing manifest file 'robotics_interfaces.egg-info/SOURCES.txt'
[1.074s] [35m[1mConsolidate compiler generated dependencies of target robotics_interfaces__rosidl_generator_c[0m
[1.075s] [  6%] Built target robotics_interfaces__cpp
[1.083s] [ 19%] [32mBuilding C object CMakeFiles/robotics_interfaces__rosidl_generator_c.dir/rosidl_generator_c/robotics_interfaces/srv/detail/motor_executor__functions.c.o[0m
[1.083s] [ 19%] [34m[1mGenerating C++ type support dispatch for ROS interfaces[0m
[1.083s] [ 19%] [34m[1mGenerating C++ type support for eProsima Fast-RTPS[0m
[1.083s] [ 19%] [34m[1mGenerating C++ introspection for ROS interfaces[0m
[1.085s] [ 19%] Built target ament_cmake_python_build_robotics_interfaces_egg
[1.152s] [ 22%] [32m[1mLinking C shared library librobotics_interfaces__rosidl_generator_c.so[0m
[1.183s] [ 22%] Built target robotics_interfaces__rosidl_generator_c
[1.191s] [ 32%] [34m[1mGenerating C type support for eProsima Fast-RTPS[0m
[1.191s] [ 32%] [34m[1mGenerating C type support dispatch for ROS interfaces[0m
[1.191s] [ 32%] [34m[1mGenerating C introspection for ROS interfaces[0m
[1.244s] [35m[1mConsolidate compiler generated dependencies of target robotics_interfaces__rosidl_typesupport_cpp[0m
[1.256s] [35m[1mConsolidate compiler generated dependencies of target robotics_interfaces__rosidl_typesupport_introspection_cpp[0m
[1.257s] [ 35%] [32mBuilding CXX object CMakeFiles/robotics_interfaces__rosidl_typesupport_cpp.dir/rosidl_typesupport_cpp/robotics_interfaces/srv/motor_executor__type_support.cpp.o[0m
[1.267s] [ 38%] [32mBuilding CXX object CMakeFiles/robotics_interfaces__rosidl_typesupport_introspection_cpp.dir/rosidl_typesupport_introspection_cpp/robotics_interfaces/srv/detail/motor_executor__type_support.cpp.o[0m
[1.269s] [35m[1mConsolidate compiler generated dependencies of target robotics_interfaces__rosidl_typesupport_fastrtps_cpp[0m
[1.281s] [ 41%] [32mBuilding CXX object CMakeFiles/robotics_interfaces__rosidl_typesupport_fastrtps_cpp.dir/rosidl_typesupport_fastrtps_cpp/robotics_interfaces/srv/detail/dds_fastrtps/motor_executor__type_support.cpp.o[0m
[1.373s] [35m[1mConsolidate compiler generated dependencies of target robotics_interfaces__rosidl_typesupport_c[0m
[1.378s] [35m[1mConsolidate compiler generated dependencies of target robotics_interfaces__rosidl_typesupport_introspection_c[0m
[1.378s] [35m[1mConsolidate compiler generated dependencies of target robotics_interfaces__rosidl_typesupport_fastrtps_c[0m
[1.383s] [ 45%] [32mBuilding CXX object CMakeFiles/robotics_interfaces__rosidl_typesupport_c.dir/rosidl_typesupport_c/robotics_interfaces/srv/motor_executor__type_support.cpp.o[0m
[1.386s] [ 48%] [32mBuilding C object CMakeFiles/robotics_interfaces__rosidl_typesupport_introspection_c.dir/rosidl_typesupport_introspection_c/robotics_interfaces/srv/detail/motor_executor__type_support.c.o[0m
[1.388s] [ 51%] [32mBuilding CXX object CMakeFiles/robotics_interfaces__rosidl_typesupport_fastrtps_c.dir/rosidl_typesupport_fastrtps_c/robotics_interfaces/srv/detail/motor_executor__type_support_c.cpp.o[0m
[1.409s] [ 54%] [32m[1mLinking CXX shared library librobotics_interfaces__rosidl_typesupport_c.so[0m
[1.413s] [ 58%] [32m[1mLinking C shared library librobotics_interfaces__rosidl_typesupport_introspection_c.so[0m
[1.438s] [ 58%] Built target robotics_interfaces__rosidl_typesupport_introspection_c
[1.440s] [ 58%] Built target robotics_interfaces__rosidl_typesupport_c
[1.461s] [ 61%] [32m[1mLinking CXX shared library librobotics_interfaces__rosidl_typesupport_cpp.so[0m
[1.492s] [ 61%] Built target robotics_interfaces__rosidl_typesupport_cpp
[1.538s] [ 64%] [32m[1mLinking CXX shared library librobotics_interfaces__rosidl_typesupport_introspection_cpp.so[0m
[1.558s] [ 67%] [32m[1mLinking CXX shared library librobotics_interfaces__rosidl_typesupport_fastrtps_cpp.so[0m
[1.582s] [ 67%] Built target robotics_interfaces__rosidl_typesupport_introspection_cpp
[1.607s] [ 67%] Built target robotics_interfaces__rosidl_typesupport_fastrtps_cpp
[1.614s] [ 70%] [32m[1mLinking CXX shared library librobotics_interfaces__rosidl_typesupport_fastrtps_c.so[0m
[1.661s] [ 70%] Built target robotics_interfaces__rosidl_typesupport_fastrtps_c
[1.676s] [ 70%] Built target robotics_interfaces
[1.691s] [ 74%] [34m[1mGenerating Python code for ROS interfaces[0m
[1.943s] [ 74%] Built target robotics_interfaces__py
[1.950s] [35m[1mConsolidate compiler generated dependencies of target robotics_interfaces__rosidl_generator_py[0m
[1.961s] [ 77%] [32mBuilding C object CMakeFiles/robotics_interfaces__rosidl_generator_py.dir/rosidl_generator_py/robotics_interfaces/srv/_motor_executor_s.c.o[0m
[2.047s] [ 80%] [32m[1mLinking C shared library rosidl_generator_py/robotics_interfaces/librobotics_interfaces__rosidl_generator_py.so[0m
[2.075s] [ 80%] Built target robotics_interfaces__rosidl_generator_py
[2.082s] [35m[1mConsolidate compiler generated dependencies of target robotics_interfaces__rosidl_typesupport_fastrtps_c__pyext[0m
[2.082s] [35m[1mConsolidate compiler generated dependencies of target robotics_interfaces__rosidl_typesupport_introspection_c__pyext[0m
[2.082s] [35m[1mConsolidate compiler generated dependencies of target robotics_interfaces__rosidl_typesupport_c__pyext[0m
[2.091s] [ 83%] [32mBuilding C object CMakeFiles/robotics_interfaces__rosidl_typesupport_fastrtps_c__pyext.dir/rosidl_generator_py/robotics_interfaces/_robotics_interfaces_s.ep.rosidl_typesupport_fastrtps_c.c.o[0m
[2.091s] [ 90%] [32mBuilding C object CMakeFiles/robotics_interfaces__rosidl_typesupport_c__pyext.dir/rosidl_generator_py/robotics_interfaces/_robotics_interfaces_s.ep.rosidl_typesupport_c.c.o[0m
[2.092s] [ 90%] [32mBuilding C object CMakeFiles/robotics_interfaces__rosidl_typesupport_introspection_c__pyext.dir/rosidl_generator_py/robotics_interfaces/_robotics_interfaces_s.ep.rosidl_typesupport_introspection_c.c.o[0m
[2.153s] [ 96%] [32m[1mLinking C shared library rosidl_generator_py/robotics_interfaces/robotics_interfaces_s__rosidl_typesupport_introspection_c.cpython-310-x86_64-linux-gnu.so[0m
[2.153s] [ 96%] [32m[1mLinking C shared library rosidl_generator_py/robotics_interfaces/robotics_interfaces_s__rosidl_typesupport_c.cpython-310-x86_64-linux-gnu.so[0m
[2.156s] [100%] [32m[1mLinking C shared library rosidl_generator_py/robotics_interfaces/robotics_interfaces_s__rosidl_typesupport_fastrtps_c.cpython-310-x86_64-linux-gnu.so[0m
[2.178s] [100%] Built target robotics_interfaces__rosidl_typesupport_c__pyext
[2.178s] [100%] Built target robotics_interfaces__rosidl_typesupport_introspection_c__pyext
[2.181s] [100%] Built target robotics_interfaces__rosidl_typesupport_fastrtps_c__pyext
[2.190s] Invoked command in '/home/pc/ros2_ws/build/robotics_interfaces' returned '0': CMAKE_PREFIX_PATH=${CMAKE_PREFIX_PATH}:/home/pc/MG_motor_ws/install/MG_Motor_test:/home/pc/mobile_ws/install/sensing_pkg:/home/pc/mobile_ws/install/my_turtle_proj:/home/pc/mobile_ws/install/lec_pkg_py:/home/pc/mobile_ws/install/dxl_pwm_control:/home/pc/ros2_ws/install/test_robotics_proj:/home/pc/ros2_ws/install/robotics_proj:/opt/ros/humble /usr/bin/cmake --build /home/pc/ros2_ws/build/robotics_interfaces -- -j16 -l16
[2.196s] Invoking command in '/home/pc/ros2_ws/build/robotics_interfaces': CMAKE_PREFIX_PATH=${CMAKE_PREFIX_PATH}:/home/pc/MG_motor_ws/install/MG_Motor_test:/home/pc/mobile_ws/install/sensing_pkg:/home/pc/mobile_ws/install/my_turtle_proj:/home/pc/mobile_ws/install/lec_pkg_py:/home/pc/mobile_ws/install/dxl_pwm_control:/home/pc/ros2_ws/install/test_robotics_proj:/home/pc/ros2_ws/install/robotics_proj:/opt/ros/humble /usr/bin/cmake --install /home/pc/ros2_ws/build/robotics_interfaces
[2.201s] -- Install configuration: ""
[2.202s] -- Up-to-date: /home/pc/ros2_ws/install/robotics_interfaces/share/ament_index/resource_index/rosidl_interfaces/robotics_interfaces
[2.202s] -- Up-to-date: /home/pc/ros2_ws/install/robotics_interfaces/include/robotics_interfaces/robotics_interfaces
[2.202s] -- Up-to-date: /home/pc/ros2_ws/install/robotics_interfaces/include/robotics_interfaces/robotics_interfaces/srv
[2.202s] -- Up-to-date: /home/pc/ros2_ws/install/robotics_interfaces/include/robotics_interfaces/robotics_interfaces/srv/detail
[2.202s] -- Installing: /home/pc/ros2_ws/install/robotics_interfaces/include/robotics_interfaces/robotics_interfaces/srv/detail/motor_executor__struct.h
[2.202s] -- Installing: /home/pc/ros2_ws/install/robotics_interfaces/include/robotics_interfaces/robotics_interfaces/srv/detail/motor_executor__functions.h
[2.202s] -- Installing: /home/pc/ros2_ws/install/robotics_interfaces/include/robotics_interfaces/robotics_interfaces/srv/detail/motor_executor__functions.c
[2.202s] -- Installing: /home/pc/ros2_ws/install/robotics_interfaces/include/robotics_interfaces/robotics_interfaces/srv/detail/motor_executor__type_support.h
[2.202s] -- Installing: /home/pc/ros2_ws/install/robotics_interfaces/include/robotics_interfaces/robotics_interfaces/srv/motor_executor.h
[2.202s] -- Up-to-date: /home/pc/ros2_ws/install/robotics_interfaces/include/robotics_interfaces/robotics_interfaces/msg
[2.202s] -- Up-to-date: /home/pc/ros2_ws/install/robotics_interfaces/include/robotics_interfaces/robotics_interfaces/msg/detail
[2.202s] -- Up-to-date: /home/pc/ros2_ws/install/robotics_interfaces/include/robotics_interfaces/robotics_interfaces/msg/detail/trajectory_points__type_support.h
[2.202s] -- Up-to-date: /home/pc/ros2_ws/install/robotics_interfaces/include/robotics_interfaces/robotics_interfaces/msg/detail/trajectory_points__functions.c
[2.203s] -- Up-to-date: /home/pc/ros2_ws/install/robotics_interfaces/include/robotics_interfaces/robotics_interfaces/msg/detail/trajectory_points__functions.h
[2.203s] -- Up-to-date: /home/pc/ros2_ws/install/robotics_interfaces/include/robotics_interfaces/robotics_interfaces/msg/detail/trajectory_points__struct.h
[2.203s] -- Up-to-date: /home/pc/ros2_ws/install/robotics_interfaces/include/robotics_interfaces/robotics_interfaces/msg/trajectory_points.h
[2.203s] -- Up-to-date: /home/pc/ros2_ws/install/robotics_interfaces/include/robotics_interfaces/robotics_interfaces/msg/rosidl_generator_c__visibility_control.h
[2.203s] -- Up-to-date: /home/pc/ros2_ws/install/robotics_interfaces/share/robotics_interfaces/environment/library_path.sh
[2.203s] -- Installing: /home/pc/ros2_ws/install/robotics_interfaces/share/robotics_interfaces/environment/library_path.dsv
[2.203s] -- Installing: /home/pc/ros2_ws/install/robotics_interfaces/lib/librobotics_interfaces__rosidl_generator_c.so
[2.203s] -- Set runtime path of "/home/pc/ros2_ws/install/robotics_interfaces/lib/librobotics_interfaces__rosidl_generator_c.so" to ""
[2.203s] -- Up-to-date: /home/pc/ros2_ws/install/robotics_interfaces/include/robotics_interfaces/robotics_interfaces
[2.204s] -- Up-to-date: /home/pc/ros2_ws/install/robotics_interfaces/include/robotics_interfaces/robotics_interfaces/srv
[2.204s] -- Up-to-date: /home/pc/ros2_ws/install/robotics_interfaces/include/robotics_interfaces/robotics_interfaces/srv/detail
[2.204s] -- Installing: /home/pc/ros2_ws/install/robotics_interfaces/include/robotics_interfaces/robotics_interfaces/srv/detail/motor_executor__rosidl_typesupport_fastrtps_c.h
[2.204s] -- Up-to-date: /home/pc/ros2_ws/install/robotics_interfaces/include/robotics_interfaces/robotics_interfaces/msg
[2.204s] -- Up-to-date: /home/pc/ros2_ws/install/robotics_interfaces/include/robotics_interfaces/robotics_interfaces/msg/rosidl_typesupport_fastrtps_c__visibility_control.h
[2.204s] -- Up-to-date: /home/pc/ros2_ws/install/robotics_interfaces/include/robotics_interfaces/robotics_interfaces/msg/detail
[2.204s] -- Up-to-date: /home/pc/ros2_ws/install/robotics_interfaces/include/robotics_interfaces/robotics_interfaces/msg/detail/trajectory_points__rosidl_typesupport_fastrtps_c.h
[2.204s] -- Installing: /home/pc/ros2_ws/install/robotics_interfaces/lib/librobotics_interfaces__rosidl_typesupport_fastrtps_c.so
[2.205s] -- Set runtime path of "/home/pc/ros2_ws/install/robotics_interfaces/lib/librobotics_interfaces__rosidl_typesupport_fastrtps_c.so" to ""
[2.205s] -- Up-to-date: /home/pc/ros2_ws/install/robotics_interfaces/include/robotics_interfaces/robotics_interfaces
[2.205s] -- Up-to-date: /home/pc/ros2_ws/install/robotics_interfaces/include/robotics_interfaces/robotics_interfaces/srv
[2.205s] -- Up-to-date: /home/pc/ros2_ws/install/robotics_interfaces/include/robotics_interfaces/robotics_interfaces/srv/detail
[2.205s] -- Installing: /home/pc/ros2_ws/install/robotics_interfaces/include/robotics_interfaces/robotics_interfaces/srv/detail/motor_executor__traits.hpp
[2.205s] -- Installing: /home/pc/ros2_ws/install/robotics_interfaces/include/robotics_interfaces/robotics_interfaces/srv/detail/motor_executor__type_support.hpp
[2.205s] -- Installing: /home/pc/ros2_ws/install/robotics_interfaces/include/robotics_interfaces/robotics_interfaces/srv/detail/motor_executor__builder.hpp
[2.205s] -- Installing: /home/pc/ros2_ws/install/robotics_interfaces/include/robotics_interfaces/robotics_interfaces/srv/detail/motor_executor__struct.hpp
[2.206s] -- Installing: /home/pc/ros2_ws/install/robotics_interfaces/include/robotics_interfaces/robotics_interfaces/srv/motor_executor.hpp
[2.206s] -- Up-to-date: /home/pc/ros2_ws/install/robotics_interfaces/include/robotics_interfaces/robotics_interfaces/msg
[2.206s] -- Up-to-date: /home/pc/ros2_ws/install/robotics_interfaces/include/robotics_interfaces/robotics_interfaces/msg/detail
[2.206s] -- Up-to-date: /home/pc/ros2_ws/install/robotics_interfaces/include/robotics_interfaces/robotics_interfaces/msg/detail/trajectory_points__builder.hpp
[2.206s] -- Up-to-date: /home/pc/ros2_ws/install/robotics_interfaces/include/robotics_interfaces/robotics_interfaces/msg/detail/trajectory_points__traits.hpp
[2.206s] -- Up-to-date: /home/pc/ros2_ws/install/robotics_interfaces/include/robotics_interfaces/robotics_interfaces/msg/detail/trajectory_points__struct.hpp
[2.206s] -- Up-to-date: /home/pc/ros2_ws/install/robotics_interfaces/include/robotics_interfaces/robotics_interfaces/msg/detail/trajectory_points__type_support.hpp
[2.206s] -- Up-to-date: /home/pc/ros2_ws/install/robotics_interfaces/include/robotics_interfaces/robotics_interfaces/msg/trajectory_points.hpp
[2.206s] -- Up-to-date: /home/pc/ros2_ws/install/robotics_interfaces/include/robotics_interfaces/robotics_interfaces/msg/rosidl_generator_cpp__visibility_control.hpp
[2.206s] -- Up-to-date: /home/pc/ros2_ws/install/robotics_interfaces/include/robotics_interfaces/robotics_interfaces
[2.206s] -- Up-to-date: /home/pc/ros2_ws/install/robotics_interfaces/include/robotics_interfaces/robotics_interfaces/srv
[2.206s] -- Up-to-date: /home/pc/ros2_ws/install/robotics_interfaces/include/robotics_interfaces/robotics_interfaces/srv/detail
[2.207s] -- Up-to-date: /home/pc/ros2_ws/install/robotics_interfaces/include/robotics_interfaces/robotics_interfaces/srv/detail/dds_fastrtps
[2.207s] -- Installing: /home/pc/ros2_ws/install/robotics_interfaces/include/robotics_interfaces/robotics_interfaces/srv/detail/motor_executor__rosidl_typesupport_fastrtps_cpp.hpp
[2.207s] -- Up-to-date: /home/pc/ros2_ws/install/robotics_interfaces/include/robotics_interfaces/robotics_interfaces/msg
[2.207s] -- Up-to-date: /home/pc/ros2_ws/install/robotics_interfaces/include/robotics_interfaces/robotics_interfaces/msg/rosidl_typesupport_fastrtps_cpp__visibility_control.h
[2.207s] -- Up-to-date: /home/pc/ros2_ws/install/robotics_interfaces/include/robotics_interfaces/robotics_interfaces/msg/detail
[2.207s] -- Up-to-date: /home/pc/ros2_ws/install/robotics_interfaces/include/robotics_interfaces/robotics_interfaces/msg/detail/dds_fastrtps
[2.207s] -- Up-to-date: /home/pc/ros2_ws/install/robotics_interfaces/include/robotics_interfaces/robotics_interfaces/msg/detail/trajectory_points__rosidl_typesupport_fastrtps_cpp.hpp
[2.207s] -- Installing: /home/pc/ros2_ws/install/robotics_interfaces/lib/librobotics_interfaces__rosidl_typesupport_fastrtps_cpp.so
[2.207s] -- Set runtime path of "/home/pc/ros2_ws/install/robotics_interfaces/lib/librobotics_interfaces__rosidl_typesupport_fastrtps_cpp.so" to ""
[2.207s] -- Up-to-date: /home/pc/ros2_ws/install/robotics_interfaces/include/robotics_interfaces/robotics_interfaces
[2.208s] -- Up-to-date: /home/pc/ros2_ws/install/robotics_interfaces/include/robotics_interfaces/robotics_interfaces/srv
[2.208s] -- Up-to-date: /home/pc/ros2_ws/install/robotics_interfaces/include/robotics_interfaces/robotics_interfaces/srv/detail
[2.208s] -- Installing: /home/pc/ros2_ws/install/robotics_interfaces/include/robotics_interfaces/robotics_interfaces/srv/detail/motor_executor__rosidl_typesupport_introspection_c.h
[2.208s] -- Installing: /home/pc/ros2_ws/install/robotics_interfaces/include/robotics_interfaces/robotics_interfaces/srv/detail/motor_executor__type_support.c
[2.208s] -- Up-to-date: /home/pc/ros2_ws/install/robotics_interfaces/include/robotics_interfaces/robotics_interfaces/msg
[2.208s] -- Up-to-date: /home/pc/ros2_ws/install/robotics_interfaces/include/robotics_interfaces/robotics_interfaces/msg/detail
[2.208s] -- Up-to-date: /home/pc/ros2_ws/install/robotics_interfaces/include/robotics_interfaces/robotics_interfaces/msg/detail/trajectory_points__type_support.c
[2.208s] -- Up-to-date: /home/pc/ros2_ws/install/robotics_interfaces/include/robotics_interfaces/robotics_interfaces/msg/detail/trajectory_points__rosidl_typesupport_introspection_c.h
[2.208s] -- Up-to-date: /home/pc/ros2_ws/install/robotics_interfaces/include/robotics_interfaces/robotics_interfaces/msg/rosidl_typesupport_introspection_c__visibility_control.h
[2.208s] -- Installing: /home/pc/ros2_ws/install/robotics_interfaces/lib/librobotics_interfaces__rosidl_typesupport_introspection_c.so
[2.209s] -- Set runtime path of "/home/pc/ros2_ws/install/robotics_interfaces/lib/librobotics_interfaces__rosidl_typesupport_introspection_c.so" to ""
[2.209s] -- Installing: /home/pc/ros2_ws/install/robotics_interfaces/lib/librobotics_interfaces__rosidl_typesupport_c.so
[2.209s] -- Set runtime path of "/home/pc/ros2_ws/install/robotics_interfaces/lib/librobotics_interfaces__rosidl_typesupport_c.so" to ""
[2.210s] -- Up-to-date: /home/pc/ros2_ws/install/robotics_interfaces/include/robotics_interfaces/robotics_interfaces
[2.210s] -- Up-to-date: /home/pc/ros2_ws/install/robotics_interfaces/include/robotics_interfaces/robotics_interfaces/srv
[2.210s] -- Up-to-date: /home/pc/ros2_ws/install/robotics_interfaces/include/robotics_interfaces/robotics_interfaces/srv/detail
[2.210s] -- Installing: /home/pc/ros2_ws/install/robotics_interfaces/include/robotics_interfaces/robotics_interfaces/srv/detail/motor_executor__type_support.cpp
[2.210s] -- Installing: /home/pc/ros2_ws/install/robotics_interfaces/include/robotics_interfaces/robotics_interfaces/srv/detail/motor_executor__rosidl_typesupport_introspection_cpp.hpp
[2.210s] -- Up-to-date: /home/pc/ros2_ws/install/robotics_interfaces/include/robotics_interfaces/robotics_interfaces/msg
[2.210s] -- Up-to-date: /home/pc/ros2_ws/install/robotics_interfaces/include/robotics_interfaces/robotics_interfaces/msg/detail
[2.210s] -- Up-to-date: /home/pc/ros2_ws/install/robotics_interfaces/include/robotics_interfaces/robotics_interfaces/msg/detail/trajectory_points__type_support.cpp
[2.210s] -- Up-to-date: /home/pc/ros2_ws/install/robotics_interfaces/include/robotics_interfaces/robotics_interfaces/msg/detail/trajectory_points__rosidl_typesupport_introspection_cpp.hpp
[2.211s] -- Installing: /home/pc/ros2_ws/install/robotics_interfaces/lib/librobotics_interfaces__rosidl_typesupport_introspection_cpp.so
[2.211s] -- Set runtime path of "/home/pc/ros2_ws/install/robotics_interfaces/lib/librobotics_interfaces__rosidl_typesupport_introspection_cpp.so" to ""
[2.211s] -- Installing: /home/pc/ros2_ws/install/robotics_interfaces/lib/librobotics_interfaces__rosidl_typesupport_cpp.so
[2.212s] -- Set runtime path of "/home/pc/ros2_ws/install/robotics_interfaces/lib/librobotics_interfaces__rosidl_typesupport_cpp.so" to ""
[2.212s] -- Up-to-date: /home/pc/ros2_ws/install/robotics_interfaces/share/robotics_interfaces/environment/pythonpath.sh
[2.212s] -- Installing: /home/pc/ros2_ws/install/robotics_interfaces/share/robotics_interfaces/environment/pythonpath.dsv
[2.212s] -- Up-to-date: /home/pc/ros2_ws/install/robotics_interfaces/local/lib/python3.10/dist-packages/robotics_interfaces-0.0.0-py3.10.egg-info
[2.212s] -- Installing: /home/pc/ros2_ws/install/robotics_interfaces/local/lib/python3.10/dist-packages/robotics_interfaces-0.0.0-py3.10.egg-info/PKG-INFO
[2.212s] -- Installing: /home/pc/ros2_ws/install/robotics_interfaces/local/lib/python3.10/dist-packages/robotics_interfaces-0.0.0-py3.10.egg-info/SOURCES.txt
[2.212s] -- Installing: /home/pc/ros2_ws/install/robotics_interfaces/local/lib/python3.10/dist-packages/robotics_interfaces-0.0.0-py3.10.egg-info/top_level.txt
[2.212s] -- Installing: /home/pc/ros2_ws/install/robotics_interfaces/local/lib/python3.10/dist-packages/robotics_interfaces-0.0.0-py3.10.egg-info/dependency_links.txt
[2.212s] -- Up-to-date: /home/pc/ros2_ws/install/robotics_interfaces/local/lib/python3.10/dist-packages/robotics_interfaces
[2.212s] -- Installing: /home/pc/ros2_ws/install/robotics_interfaces/local/lib/python3.10/dist-packages/robotics_interfaces/_robotics_interfaces_s.ep.rosidl_typesupport_introspection_c.c
[2.212s] -- Installing: /home/pc/ros2_ws/install/robotics_interfaces/local/lib/python3.10/dist-packages/robotics_interfaces/__init__.py
[2.213s] -- Up-to-date: /home/pc/ros2_ws/install/robotics_interfaces/local/lib/python3.10/dist-packages/robotics_interfaces/srv
[2.213s] -- Installing: /home/pc/ros2_ws/install/robotics_interfaces/local/lib/python3.10/dist-packages/robotics_interfaces/srv/__init__.py
[2.213s] -- Installing: /home/pc/ros2_ws/install/robotics_interfaces/local/lib/python3.10/dist-packages/robotics_interfaces/srv/_motor_executor.py
[2.213s] -- Installing: /home/pc/ros2_ws/install/robotics_interfaces/local/lib/python3.10/dist-packages/robotics_interfaces/srv/_motor_executor_s.c
[2.213s] -- Installing: /home/pc/ros2_ws/install/robotics_interfaces/local/lib/python3.10/dist-packages/robotics_interfaces/librobotics_interfaces__rosidl_generator_py.so
[2.213s] -- Installing: /home/pc/ros2_ws/install/robotics_interfaces/local/lib/python3.10/dist-packages/robotics_interfaces/_robotics_interfaces_s.ep.rosidl_typesupport_fastrtps_c.c
[2.213s] -- Installing: /home/pc/ros2_ws/install/robotics_interfaces/local/lib/python3.10/dist-packages/robotics_interfaces/_robotics_interfaces_s.ep.rosidl_typesupport_c.c
[2.213s] -- Up-to-date: /home/pc/ros2_ws/install/robotics_interfaces/local/lib/python3.10/dist-packages/robotics_interfaces/msg
[2.213s] -- Up-to-date: /home/pc/ros2_ws/install/robotics_interfaces/local/lib/python3.10/dist-packages/robotics_interfaces/msg/__init__.py
[2.213s] -- Up-to-date: /home/pc/ros2_ws/install/robotics_interfaces/local/lib/python3.10/dist-packages/robotics_interfaces/msg/_trajectory_points.py
[2.214s] -- Up-to-date: /home/pc/ros2_ws/install/robotics_interfaces/local/lib/python3.10/dist-packages/robotics_interfaces/msg/_trajectory_points_s.c
[2.214s] -- Installing: /home/pc/ros2_ws/install/robotics_interfaces/local/lib/python3.10/dist-packages/robotics_interfaces/robotics_interfaces_s__rosidl_typesupport_introspection_c.cpython-310-x86_64-linux-gnu.so
[2.214s] -- Installing: /home/pc/ros2_ws/install/robotics_interfaces/local/lib/python3.10/dist-packages/robotics_interfaces/robotics_interfaces_s__rosidl_typesupport_fastrtps_c.cpython-310-x86_64-linux-gnu.so
[2.214s] -- Installing: /home/pc/ros2_ws/install/robotics_interfaces/local/lib/python3.10/dist-packages/robotics_interfaces/robotics_interfaces_s__rosidl_typesupport_c.cpython-310-x86_64-linux-gnu.so
[2.244s] Listing '/home/pc/ros2_ws/install/robotics_interfaces/local/lib/python3.10/dist-packages/robotics_interfaces'...
[2.244s] Compiling '/home/pc/ros2_ws/install/robotics_interfaces/local/lib/python3.10/dist-packages/robotics_interfaces/__init__.py'...
[2.244s] Listing '/home/pc/ros2_ws/install/robotics_interfaces/local/lib/python3.10/dist-packages/robotics_interfaces/msg'...
[2.244s] Listing '/home/pc/ros2_ws/install/robotics_interfaces/local/lib/python3.10/dist-packages/robotics_interfaces/srv'...
[2.244s] Compiling '/home/pc/ros2_ws/install/robotics_interfaces/local/lib/python3.10/dist-packages/robotics_interfaces/srv/__init__.py'...
[2.244s] Compiling '/home/pc/ros2_ws/install/robotics_interfaces/local/lib/python3.10/dist-packages/robotics_interfaces/srv/_motor_executor.py'...
[2.246s] -- Installing: /home/pc/ros2_ws/install/robotics_interfaces/local/lib/python3.10/dist-packages/robotics_interfaces/robotics_interfaces_s__rosidl_typesupport_fastrtps_c.cpython-310-x86_64-linux-gnu.so
[2.247s] -- Set runtime path of "/home/pc/ros2_ws/install/robotics_interfaces/local/lib/python3.10/dist-packages/robotics_interfaces/robotics_interfaces_s__rosidl_typesupport_fastrtps_c.cpython-310-x86_64-linux-gnu.so" to ""
[2.247s] -- Installing: /home/pc/ros2_ws/install/robotics_interfaces/local/lib/python3.10/dist-packages/robotics_interfaces/robotics_interfaces_s__rosidl_typesupport_introspection_c.cpython-310-x86_64-linux-gnu.so
[2.247s] -- Set runtime path of "/home/pc/ros2_ws/install/robotics_interfaces/local/lib/python3.10/dist-packages/robotics_interfaces/robotics_interfaces_s__rosidl_typesupport_introspection_c.cpython-310-x86_64-linux-gnu.so" to ""
[2.247s] -- Installing: /home/pc/ros2_ws/install/robotics_interfaces/local/lib/python3.10/dist-packages/robotics_interfaces/robotics_interfaces_s__rosidl_typesupport_c.cpython-310-x86_64-linux-gnu.so
[2.248s] -- Set runtime path of "/home/pc/ros2_ws/install/robotics_interfaces/local/lib/python3.10/dist-packages/robotics_interfaces/robotics_interfaces_s__rosidl_typesupport_c.cpython-310-x86_64-linux-gnu.so" to ""
[2.248s] -- Installing: /home/pc/ros2_ws/install/robotics_interfaces/lib/librobotics_interfaces__rosidl_generator_py.so
[2.248s] -- Set runtime path of "/home/pc/ros2_ws/install/robotics_interfaces/lib/librobotics_interfaces__rosidl_generator_py.so" to ""
[2.248s] -- Installing: /home/pc/ros2_ws/install/robotics_interfaces/share/robotics_interfaces/srv/MotorExecutor.idl
[2.249s] -- Installing: /home/pc/ros2_ws/install/robotics_interfaces/share/robotics_interfaces/srv/MotorExecutor.srv
[2.249s] -- Installing: /home/pc/ros2_ws/install/robotics_interfaces/share/robotics_interfaces/srv/MotorExecutor_Request.msg
[2.249s] -- Up-to-date: /home/pc/ros2_ws/install/robotics_interfaces/share/robotics_interfaces/srv/MotorExecutor_Response.msg
[2.249s] -- Up-to-date: /home/pc/ros2_ws/install/robotics_interfaces/share/ament_index/resource_index/package_run_dependencies/robotics_interfaces
[2.249s] -- Up-to-date: /home/pc/ros2_ws/install/robotics_interfaces/share/ament_index/resource_index/parent_prefix_path/robotics_interfaces
[2.249s] -- Up-to-date: /home/pc/ros2_ws/install/robotics_interfaces/share/robotics_interfaces/environment/ament_prefix_path.sh
[2.249s] -- Installing: /home/pc/ros2_ws/install/robotics_interfaces/share/robotics_interfaces/environment/ament_prefix_path.dsv
[2.249s] -- Up-to-date: /home/pc/ros2_ws/install/robotics_interfaces/share/robotics_interfaces/environment/path.sh
[2.249s] -- Installing: /home/pc/ros2_ws/install/robotics_interfaces/share/robotics_interfaces/environment/path.dsv
[2.249s] -- Up-to-date: /home/pc/ros2_ws/install/robotics_interfaces/share/robotics_interfaces/local_setup.bash
[2.249s] -- Up-to-date: /home/pc/ros2_ws/install/robotics_interfaces/share/robotics_interfaces/local_setup.sh
[2.249s] -- Up-to-date: /home/pc/ros2_ws/install/robotics_interfaces/share/robotics_interfaces/local_setup.zsh
[2.249s] -- Installing: /home/pc/ros2_ws/install/robotics_interfaces/share/robotics_interfaces/local_setup.dsv
[2.249s] -- Installing: /home/pc/ros2_ws/install/robotics_interfaces/share/robotics_interfaces/package.dsv
[2.250s] -- Up-to-date: /home/pc/ros2_ws/install/robotics_interfaces/share/ament_index/resource_index/packages/robotics_interfaces
[2.250s] -- Up-to-date: /home/pc/ros2_ws/install/robotics_interfaces/share/robotics_interfaces/cmake/export_robotics_interfaces__rosidl_generator_cExport.cmake
[2.250s] -- Up-to-date: /home/pc/ros2_ws/install/robotics_interfaces/share/robotics_interfaces/cmake/export_robotics_interfaces__rosidl_generator_cExport-noconfig.cmake
[2.250s] -- Up-to-date: /home/pc/ros2_ws/install/robotics_interfaces/share/robotics_interfaces/cmake/export_robotics_interfaces__rosidl_typesupport_fastrtps_cExport.cmake
[2.250s] -- Up-to-date: /home/pc/ros2_ws/install/robotics_interfaces/share/robotics_interfaces/cmake/export_robotics_interfaces__rosidl_typesupport_fastrtps_cExport-noconfig.cmake
[2.250s] -- Up-to-date: /home/pc/ros2_ws/install/robotics_interfaces/share/robotics_interfaces/cmake/export_robotics_interfaces__rosidl_generator_cppExport.cmake
[2.250s] -- Up-to-date: /home/pc/ros2_ws/install/robotics_interfaces/share/robotics_interfaces/cmake/export_robotics_interfaces__rosidl_typesupport_fastrtps_cppExport.cmake
[2.250s] -- Up-to-date: /home/pc/ros2_ws/install/robotics_interfaces/share/robotics_interfaces/cmake/export_robotics_interfaces__rosidl_typesupport_fastrtps_cppExport-noconfig.cmake
[2.251s] -- Up-to-date: /home/pc/ros2_ws/install/robotics_interfaces/share/robotics_interfaces/cmake/robotics_interfaces__rosidl_typesupport_introspection_cExport.cmake
[2.251s] -- Up-to-date: /home/pc/ros2_ws/install/robotics_interfaces/share/robotics_interfaces/cmake/robotics_interfaces__rosidl_typesupport_introspection_cExport-noconfig.cmake
[2.251s] -- Up-to-date: /home/pc/ros2_ws/install/robotics_interfaces/share/robotics_interfaces/cmake/robotics_interfaces__rosidl_typesupport_cExport.cmake
[2.251s] -- Up-to-date: /home/pc/ros2_ws/install/robotics_interfaces/share/robotics_interfaces/cmake/robotics_interfaces__rosidl_typesupport_cExport-noconfig.cmake
[2.251s] -- Up-to-date: /home/pc/ros2_ws/install/robotics_interfaces/share/robotics_interfaces/cmake/robotics_interfaces__rosidl_typesupport_introspection_cppExport.cmake
[2.251s] -- Up-to-date: /home/pc/ros2_ws/install/robotics_interfaces/share/robotics_interfaces/cmake/robotics_interfaces__rosidl_typesupport_introspection_cppExport-noconfig.cmake
[2.251s] -- Up-to-date: /home/pc/ros2_ws/install/robotics_interfaces/share/robotics_interfaces/cmake/robotics_interfaces__rosidl_typesupport_cppExport.cmake
[2.251s] -- Up-to-date: /home/pc/ros2_ws/install/robotics_interfaces/share/robotics_interfaces/cmake/robotics_interfaces__rosidl_typesupport_cppExport-noconfig.cmake
[2.251s] -- Up-to-date: /home/pc/ros2_ws/install/robotics_interfaces/share/robotics_interfaces/cmake/export_robotics_interfaces__rosidl_generator_pyExport.cmake
[2.251s] -- Up-to-date: /home/pc/ros2_ws/install/robotics_interfaces/share/robotics_interfaces/cmake/export_robotics_interfaces__rosidl_generator_pyExport-noconfig.cmake
[2.251s] -- Up-to-date: /home/pc/ros2_ws/install/robotics_interfaces/share/robotics_interfaces/cmake/rosidl_cmake-extras.cmake
[2.252s] -- Up-to-date: /home/pc/ros2_ws/install/robotics_interfaces/share/robotics_interfaces/cmake/ament_cmake_export_include_directories-extras.cmake
[2.252s] -- Up-to-date: /home/pc/ros2_ws/install/robotics_interfaces/share/robotics_interfaces/cmake/ament_cmake_export_libraries-extras.cmake
[2.252s] -- Up-to-date: /home/pc/ros2_ws/install/robotics_interfaces/share/robotics_interfaces/cmake/ament_cmake_export_targets-extras.cmake
[2.252s] -- Up-to-date: /home/pc/ros2_ws/install/robotics_interfaces/share/robotics_interfaces/cmake/rosidl_cmake_export_typesupport_targets-extras.cmake
[2.252s] -- Up-to-date: /home/pc/ros2_ws/install/robotics_interfaces/share/robotics_interfaces/cmake/ament_cmake_export_dependencies-extras.cmake
[2.252s] -- Up-to-date: /home/pc/ros2_ws/install/robotics_interfaces/share/robotics_interfaces/cmake/rosidl_cmake_export_typesupport_libraries-extras.cmake
[2.252s] -- Up-to-date: /home/pc/ros2_ws/install/robotics_interfaces/share/robotics_interfaces/cmake/robotics_interfacesConfig.cmake
[2.252s] -- Up-to-date: /home/pc/ros2_ws/install/robotics_interfaces/share/robotics_interfaces/cmake/robotics_interfacesConfig-version.cmake
[2.252s] -- Up-to-date: /home/pc/ros2_ws/install/robotics_interfaces/share/robotics_interfaces/package.xml
[2.254s] Invoked command in '/home/pc/ros2_ws/build/robotics_interfaces' returned '0': CMAKE_PREFIX_PATH=${CMAKE_PREFIX_PATH}:/home/pc/MG_motor_ws/install/MG_Motor_test:/home/pc/mobile_ws/install/sensing_pkg:/home/pc/mobile_ws/install/my_turtle_proj:/home/pc/mobile_ws/install/lec_pkg_py:/home/pc/mobile_ws/install/dxl_pwm_control:/home/pc/ros2_ws/install/test_robotics_proj:/home/pc/ros2_ws/install/robotics_proj:/opt/ros/humble /usr/bin/cmake --install /home/pc/ros2_ws/build/robotics_interfaces
