[0.008s] Invoking command in '/home/pc/ros2_ws/build/robotics_interfaces': CMAKE_PREFIX_PATH=${CMAKE_PREFIX_PATH}:/home/pc/MG_motor_ws/install/MG_Motor_test:/home/pc/mobile_ws/install/sensing_pkg:/home/pc/mobile_ws/install/my_turtle_proj:/home/pc/mobile_ws/install/lec_pkg_py:/home/pc/mobile_ws/install/dxl_pwm_control:/home/pc/ros2_ws/install/test_robotics_proj:/home/pc/ros2_ws/install/robotics_proj:/opt/ros/humble /usr/bin/cmake --build /home/pc/ros2_ws/build/robotics_interfaces -- -j16 -l16
[0.026s] -- Found ament_cmake: 1.3.11 (/opt/ros/humble/share/ament_cmake/cmake)
[0.121s] -- Found geometry_msgs: 4.8.0 (/opt/ros/humble/share/geometry_msgs/cmake)
[0.145s] -- Found rosidl_generator_c: 3.1.6 (/opt/ros/humble/share/rosidl_generator_c/cmake)
[0.148s] -- Found rosidl_adapter: 3.1.6 (/opt/ros/humble/share/rosidl_adapter/cmake)
[0.152s] -- Found rosidl_generator_cpp: 3.1.6 (/opt/ros/humble/share/rosidl_generator_cpp/cmake)
[0.158s] -- Using all available rosidl_typesupport_c: rosidl_typesupport_fastrtps_c;rosidl_typesupport_introspection_c
[0.166s] -- Using all available rosidl_typesupport_cpp: rosidl_typesupport_fastrtps_cpp;rosidl_typesupport_introspection_cpp
[0.188s] -- Found rosidl_default_generators: 1.2.0 (/opt/ros/humble/share/rosidl_default_generators/cmake)
[0.377s] -- Found ament_cmake_ros: 0.10.0 (/opt/ros/humble/share/ament_cmake_ros/cmake)
[0.613s] -- Using all available rosidl_typesupport_c: rosidl_typesupport_fastrtps_c;rosidl_typesupport_introspection_c
[0.705s] -- Using all available rosidl_typesupport_cpp: rosidl_typesupport_fastrtps_cpp;rosidl_typesupport_introspection_cpp
[0.723s] -- Found python_cmake_module: 0.10.0 (/opt/ros/humble/share/python_cmake_module/cmake)
[0.741s] -- Using PYTHON_EXECUTABLE: /usr/bin/python3
[0.741s] -- Using PYTHON_INCLUDE_DIRS: /usr/include/python3.10
[0.741s] -- Using PYTHON_LIBRARIES: /usr/lib/x86_64-linux-gnu/libpython3.10.so
[0.760s] -- Configuring done
[0.786s] -- Generating done
[0.794s] -- Build files have been written to: /home/pc/ros2_ws/build/robotics_interfaces
[0.812s] [  3%] [34m[1mGenerating C code for ROS interfaces[0m
[0.819s] [  6%] [34m[1mGenerating C++ code for ROS interfaces[0m
[0.826s] [  6%] Built target ament_cmake_python_copy_robotics_interfaces
[0.997s] running egg_info
[0.997s] writing robotics_interfaces.egg-info/PKG-INFO
[0.998s] writing dependency_links to robotics_interfaces.egg-info/dependency_links.txt
[0.998s] writing top-level names to robotics_interfaces.egg-info/top_level.txt
[0.999s] reading manifest file 'robotics_interfaces.egg-info/SOURCES.txt'
[1.000s] writing manifest file 'robotics_interfaces.egg-info/SOURCES.txt'
[1.008s] [  6%] Built target robotics_interfaces__cpp
[1.013s] [35m[1mConsolidate compiler generated dependencies of target robotics_interfaces__rosidl_generator_c[0m
[1.016s] [ 16%] [34m[1mGenerating C++ type support dispatch for ROS interfaces[0m
[1.016s] [ 16%] [34m[1mGenerating C++ introspection for ROS interfaces[0m
[1.016s] [ 16%] [34m[1mGenerating C++ type support for eProsima Fast-RTPS[0m
[1.020s] [ 16%] Built target ament_cmake_python_build_robotics_interfaces_egg
[1.021s] [ 19%] [32mBuilding C object CMakeFiles/robotics_interfaces__rosidl_generator_c.dir/rosidl_generator_c/robotics_interfaces/srv/detail/motor_executor__functions.c.o[0m
[1.060s] [ 22%] [32m[1mLinking C shared library librobotics_interfaces__rosidl_generator_c.so[0m
[1.088s] [ 22%] Built target robotics_interfaces__rosidl_generator_c
[1.096s] [ 32%] [34m[1mGenerating C introspection for ROS interfaces[0m
[1.096s] [ 32%] [34m[1mGenerating C type support for eProsima Fast-RTPS[0m
[1.096s] [ 32%] [34m[1mGenerating C type support dispatch for ROS interfaces[0m
[1.175s] [35m[1mConsolidate compiler generated dependencies of target robotics_interfaces__rosidl_typesupport_cpp[0m
[1.185s] [ 35%] [32mBuilding CXX object CMakeFiles/robotics_interfaces__rosidl_typesupport_cpp.dir/rosidl_typesupport_cpp/robotics_interfaces/srv/motor_executor__type_support.cpp.o[0m
[1.201s] [35m[1mConsolidate compiler generated dependencies of target robotics_interfaces__rosidl_typesupport_fastrtps_cpp[0m
[1.212s] [ 38%] [32mBuilding CXX object CMakeFiles/robotics_interfaces__rosidl_typesupport_fastrtps_cpp.dir/rosidl_typesupport_fastrtps_cpp/robotics_interfaces/srv/detail/dds_fastrtps/motor_executor__type_support.cpp.o[0m
[1.212s] [35m[1mConsolidate compiler generated dependencies of target robotics_interfaces__rosidl_typesupport_introspection_cpp[0m
[1.223s] [ 41%] [32mBuilding CXX object CMakeFiles/robotics_interfaces__rosidl_typesupport_introspection_cpp.dir/rosidl_typesupport_introspection_cpp/robotics_interfaces/srv/detail/motor_executor__type_support.cpp.o[0m
[1.263s] [35m[1mConsolidate compiler generated dependencies of target robotics_interfaces__rosidl_typesupport_c[0m
[1.273s] [ 45%] [32mBuilding CXX object CMakeFiles/robotics_interfaces__rosidl_typesupport_c.dir/rosidl_typesupport_c/robotics_interfaces/srv/motor_executor__type_support.cpp.o[0m
[1.289s] [35m[1mConsolidate compiler generated dependencies of target robotics_interfaces__rosidl_typesupport_fastrtps_c[0m
[1.300s] [ 48%] [32mBuilding CXX object CMakeFiles/robotics_interfaces__rosidl_typesupport_fastrtps_c.dir/rosidl_typesupport_fastrtps_c/robotics_interfaces/srv/detail/motor_executor__type_support_c.cpp.o[0m
[1.300s] [ 51%] [32m[1mLinking CXX shared library librobotics_interfaces__rosidl_typesupport_c.so[0m
[1.301s] [35m[1mConsolidate compiler generated dependencies of target robotics_interfaces__rosidl_typesupport_introspection_c[0m
[1.311s] [ 54%] [32mBuilding C object CMakeFiles/robotics_interfaces__rosidl_typesupport_introspection_c.dir/rosidl_typesupport_introspection_c/robotics_interfaces/srv/detail/motor_executor__type_support.c.o[0m
[1.332s] [ 54%] Built target robotics_interfaces__rosidl_typesupport_c
[1.339s] [ 58%] [32m[1mLinking C shared library librobotics_interfaces__rosidl_typesupport_introspection_c.so[0m
[1.366s] [ 58%] Built target robotics_interfaces__rosidl_typesupport_introspection_c
[1.388s] [ 61%] [32m[1mLinking CXX shared library librobotics_interfaces__rosidl_typesupport_cpp.so[0m
[1.421s] [ 61%] Built target robotics_interfaces__rosidl_typesupport_cpp
[1.483s] [ 64%] [32m[1mLinking CXX shared library librobotics_interfaces__rosidl_typesupport_introspection_cpp.so[0m
[1.509s] [ 67%] [32m[1mLinking CXX shared library librobotics_interfaces__rosidl_typesupport_fastrtps_cpp.so[0m
[1.532s] [ 67%] Built target robotics_interfaces__rosidl_typesupport_introspection_cpp
[1.564s] [ 70%] [32m[1mLinking CXX shared library librobotics_interfaces__rosidl_typesupport_fastrtps_c.so[0m
[1.565s] [ 70%] Built target robotics_interfaces__rosidl_typesupport_fastrtps_cpp
[1.616s] [ 70%] Built target robotics_interfaces__rosidl_typesupport_fastrtps_c
[1.633s] [ 70%] Built target robotics_interfaces
[1.649s] [ 74%] [34m[1mGenerating Python code for ROS interfaces[0m
[1.922s] [ 74%] Built target robotics_interfaces__py
[1.931s] [35m[1mConsolidate compiler generated dependencies of target robotics_interfaces__rosidl_generator_py[0m
[1.942s] [ 77%] [32mBuilding C object CMakeFiles/robotics_interfaces__rosidl_generator_py.dir/rosidl_generator_py/robotics_interfaces/srv/_motor_executor_s.c.o[0m
[2.015s] [ 80%] [32m[1mLinking C shared library rosidl_generator_py/robotics_interfaces/librobotics_interfaces__rosidl_generator_py.so[0m
[2.045s] [ 80%] Built target robotics_interfaces__rosidl_generator_py
[2.053s] [35m[1mConsolidate compiler generated dependencies of target robotics_interfaces__rosidl_typesupport_c__pyext[0m
[2.053s] [35m[1mConsolidate compiler generated dependencies of target robotics_interfaces__rosidl_typesupport_fastrtps_c__pyext[0m
[2.053s] [35m[1mConsolidate compiler generated dependencies of target robotics_interfaces__rosidl_typesupport_introspection_c__pyext[0m
[2.063s] [ 87%] [32mBuilding C object CMakeFiles/robotics_interfaces__rosidl_typesupport_c__pyext.dir/rosidl_generator_py/robotics_interfaces/_robotics_interfaces_s.ep.rosidl_typesupport_c.c.o[0m
[2.063s] [ 87%] [32mBuilding C object CMakeFiles/robotics_interfaces__rosidl_typesupport_introspection_c__pyext.dir/rosidl_generator_py/robotics_interfaces/_robotics_interfaces_s.ep.rosidl_typesupport_introspection_c.c.o[0m
[2.063s] [ 90%] [32mBuilding C object CMakeFiles/robotics_interfaces__rosidl_typesupport_fastrtps_c__pyext.dir/rosidl_generator_py/robotics_interfaces/_robotics_interfaces_s.ep.rosidl_typesupport_fastrtps_c.c.o[0m
[2.126s] [ 93%] [32m[1mLinking C shared library rosidl_generator_py/robotics_interfaces/robotics_interfaces_s__rosidl_typesupport_c.cpython-310-x86_64-linux-gnu.so[0m
[2.128s] [ 96%] [32m[1mLinking C shared library rosidl_generator_py/robotics_interfaces/robotics_interfaces_s__rosidl_typesupport_introspection_c.cpython-310-x86_64-linux-gnu.so[0m
[2.128s] [100%] [32m[1mLinking C shared library rosidl_generator_py/robotics_interfaces/robotics_interfaces_s__rosidl_typesupport_fastrtps_c.cpython-310-x86_64-linux-gnu.so[0m
[2.152s] [100%] Built target robotics_interfaces__rosidl_typesupport_c__pyext
[2.152s] [100%] Built target robotics_interfaces__rosidl_typesupport_introspection_c__pyext
[2.153s] [100%] Built target robotics_interfaces__rosidl_typesupport_fastrtps_c__pyext
[2.162s] Invoked command in '/home/pc/ros2_ws/build/robotics_interfaces' returned '0': CMAKE_PREFIX_PATH=${CMAKE_PREFIX_PATH}:/home/pc/MG_motor_ws/install/MG_Motor_test:/home/pc/mobile_ws/install/sensing_pkg:/home/pc/mobile_ws/install/my_turtle_proj:/home/pc/mobile_ws/install/lec_pkg_py:/home/pc/mobile_ws/install/dxl_pwm_control:/home/pc/ros2_ws/install/test_robotics_proj:/home/pc/ros2_ws/install/robotics_proj:/opt/ros/humble /usr/bin/cmake --build /home/pc/ros2_ws/build/robotics_interfaces -- -j16 -l16
[2.169s] Invoking command in '/home/pc/ros2_ws/build/robotics_interfaces': CMAKE_PREFIX_PATH=${CMAKE_PREFIX_PATH}:/home/pc/MG_motor_ws/install/MG_Motor_test:/home/pc/mobile_ws/install/sensing_pkg:/home/pc/mobile_ws/install/my_turtle_proj:/home/pc/mobile_ws/install/lec_pkg_py:/home/pc/mobile_ws/install/dxl_pwm_control:/home/pc/ros2_ws/install/test_robotics_proj:/home/pc/ros2_ws/install/robotics_proj:/opt/ros/humble /usr/bin/cmake --install /home/pc/ros2_ws/build/robotics_interfaces
[2.174s] -- Install configuration: ""
[2.174s] -- Up-to-date: /home/pc/ros2_ws/install/robotics_interfaces/share/ament_index/resource_index/rosidl_interfaces/robotics_interfaces
[2.174s] -- Up-to-date: /home/pc/ros2_ws/install/robotics_interfaces/include/robotics_interfaces/robotics_interfaces
[2.174s] -- Up-to-date: /home/pc/ros2_ws/install/robotics_interfaces/include/robotics_interfaces/robotics_interfaces/srv
[2.174s] -- Up-to-date: /home/pc/ros2_ws/install/robotics_interfaces/include/robotics_interfaces/robotics_interfaces/srv/detail
[2.174s] -- Installing: /home/pc/ros2_ws/install/robotics_interfaces/include/robotics_interfaces/robotics_interfaces/srv/detail/motor_executor__struct.h
[2.174s] -- Installing: /home/pc/ros2_ws/install/robotics_interfaces/include/robotics_interfaces/robotics_interfaces/srv/detail/motor_executor__functions.h
[2.174s] -- Installing: /home/pc/ros2_ws/install/robotics_interfaces/include/robotics_interfaces/robotics_interfaces/srv/detail/motor_executor__functions.c
[2.174s] -- Installing: /home/pc/ros2_ws/install/robotics_interfaces/include/robotics_interfaces/robotics_interfaces/srv/detail/motor_executor__type_support.h
[2.175s] -- Installing: /home/pc/ros2_ws/install/robotics_interfaces/include/robotics_interfaces/robotics_interfaces/srv/motor_executor.h
[2.175s] -- Up-to-date: /home/pc/ros2_ws/install/robotics_interfaces/include/robotics_interfaces/robotics_interfaces/msg
[2.175s] -- Up-to-date: /home/pc/ros2_ws/install/robotics_interfaces/include/robotics_interfaces/robotics_interfaces/msg/detail
[2.175s] -- Up-to-date: /home/pc/ros2_ws/install/robotics_interfaces/include/robotics_interfaces/robotics_interfaces/msg/detail/trajectory_points__type_support.h
[2.175s] -- Up-to-date: /home/pc/ros2_ws/install/robotics_interfaces/include/robotics_interfaces/robotics_interfaces/msg/detail/trajectory_points__functions.c
[2.175s] -- Up-to-date: /home/pc/ros2_ws/install/robotics_interfaces/include/robotics_interfaces/robotics_interfaces/msg/detail/trajectory_points__functions.h
[2.175s] -- Up-to-date: /home/pc/ros2_ws/install/robotics_interfaces/include/robotics_interfaces/robotics_interfaces/msg/detail/trajectory_points__struct.h
[2.175s] -- Up-to-date: /home/pc/ros2_ws/install/robotics_interfaces/include/robotics_interfaces/robotics_interfaces/msg/trajectory_points.h
[2.175s] -- Up-to-date: /home/pc/ros2_ws/install/robotics_interfaces/include/robotics_interfaces/robotics_interfaces/msg/rosidl_generator_c__visibility_control.h
[2.175s] -- Up-to-date: /home/pc/ros2_ws/install/robotics_interfaces/share/robotics_interfaces/environment/library_path.sh
[2.175s] -- Installing: /home/pc/ros2_ws/install/robotics_interfaces/share/robotics_interfaces/environment/library_path.dsv
[2.175s] -- Installing: /home/pc/ros2_ws/install/robotics_interfaces/lib/librobotics_interfaces__rosidl_generator_c.so
[2.176s] -- Set runtime path of "/home/pc/ros2_ws/install/robotics_interfaces/lib/librobotics_interfaces__rosidl_generator_c.so" to ""
[2.176s] -- Up-to-date: /home/pc/ros2_ws/install/robotics_interfaces/include/robotics_interfaces/robotics_interfaces
[2.176s] -- Up-to-date: /home/pc/ros2_ws/install/robotics_interfaces/include/robotics_interfaces/robotics_interfaces/srv
[2.176s] -- Up-to-date: /home/pc/ros2_ws/install/robotics_interfaces/include/robotics_interfaces/robotics_interfaces/srv/detail
[2.176s] -- Installing: /home/pc/ros2_ws/install/robotics_interfaces/include/robotics_interfaces/robotics_interfaces/srv/detail/motor_executor__rosidl_typesupport_fastrtps_c.h
[2.176s] -- Up-to-date: /home/pc/ros2_ws/install/robotics_interfaces/include/robotics_interfaces/robotics_interfaces/msg
[2.176s] -- Up-to-date: /home/pc/ros2_ws/install/robotics_interfaces/include/robotics_interfaces/robotics_interfaces/msg/rosidl_typesupport_fastrtps_c__visibility_control.h
[2.176s] -- Up-to-date: /home/pc/ros2_ws/install/robotics_interfaces/include/robotics_interfaces/robotics_interfaces/msg/detail
[2.176s] -- Up-to-date: /home/pc/ros2_ws/install/robotics_interfaces/include/robotics_interfaces/robotics_interfaces/msg/detail/trajectory_points__rosidl_typesupport_fastrtps_c.h
[2.176s] -- Installing: /home/pc/ros2_ws/install/robotics_interfaces/lib/librobotics_interfaces__rosidl_typesupport_fastrtps_c.so
[2.176s] -- Set runtime path of "/home/pc/ros2_ws/install/robotics_interfaces/lib/librobotics_interfaces__rosidl_typesupport_fastrtps_c.so" to ""
[2.176s] -- Up-to-date: /home/pc/ros2_ws/install/robotics_interfaces/include/robotics_interfaces/robotics_interfaces
[2.177s] -- Up-to-date: /home/pc/ros2_ws/install/robotics_interfaces/include/robotics_interfaces/robotics_interfaces/srv
[2.177s] -- Up-to-date: /home/pc/ros2_ws/install/robotics_interfaces/include/robotics_interfaces/robotics_interfaces/srv/detail
[2.177s] -- Installing: /home/pc/ros2_ws/install/robotics_interfaces/include/robotics_interfaces/robotics_interfaces/srv/detail/motor_executor__traits.hpp
[2.177s] -- Installing: /home/pc/ros2_ws/install/robotics_interfaces/include/robotics_interfaces/robotics_interfaces/srv/detail/motor_executor__type_support.hpp
[2.177s] -- Installing: /home/pc/ros2_ws/install/robotics_interfaces/include/robotics_interfaces/robotics_interfaces/srv/detail/motor_executor__builder.hpp
[2.177s] -- Installing: /home/pc/ros2_ws/install/robotics_interfaces/include/robotics_interfaces/robotics_interfaces/srv/detail/motor_executor__struct.hpp
[2.177s] -- Installing: /home/pc/ros2_ws/install/robotics_interfaces/include/robotics_interfaces/robotics_interfaces/srv/motor_executor.hpp
[2.177s] -- Up-to-date: /home/pc/ros2_ws/install/robotics_interfaces/include/robotics_interfaces/robotics_interfaces/msg
[2.177s] -- Up-to-date: /home/pc/ros2_ws/install/robotics_interfaces/include/robotics_interfaces/robotics_interfaces/msg/detail
[2.177s] -- Up-to-date: /home/pc/ros2_ws/install/robotics_interfaces/include/robotics_interfaces/robotics_interfaces/msg/detail/trajectory_points__builder.hpp
[2.177s] -- Up-to-date: /home/pc/ros2_ws/install/robotics_interfaces/include/robotics_interfaces/robotics_interfaces/msg/detail/trajectory_points__traits.hpp
[2.177s] -- Up-to-date: /home/pc/ros2_ws/install/robotics_interfaces/include/robotics_interfaces/robotics_interfaces/msg/detail/trajectory_points__struct.hpp
[2.178s] -- Up-to-date: /home/pc/ros2_ws/install/robotics_interfaces/include/robotics_interfaces/robotics_interfaces/msg/detail/trajectory_points__type_support.hpp
[2.178s] -- Up-to-date: /home/pc/ros2_ws/install/robotics_interfaces/include/robotics_interfaces/robotics_interfaces/msg/trajectory_points.hpp
[2.178s] -- Up-to-date: /home/pc/ros2_ws/install/robotics_interfaces/include/robotics_interfaces/robotics_interfaces/msg/rosidl_generator_cpp__visibility_control.hpp
[2.178s] -- Up-to-date: /home/pc/ros2_ws/install/robotics_interfaces/include/robotics_interfaces/robotics_interfaces
[2.178s] -- Up-to-date: /home/pc/ros2_ws/install/robotics_interfaces/include/robotics_interfaces/robotics_interfaces/srv
[2.178s] -- Up-to-date: /home/pc/ros2_ws/install/robotics_interfaces/include/robotics_interfaces/robotics_interfaces/srv/detail
[2.178s] -- Up-to-date: /home/pc/ros2_ws/install/robotics_interfaces/include/robotics_interfaces/robotics_interfaces/srv/detail/dds_fastrtps
[2.178s] -- Installing: /home/pc/ros2_ws/install/robotics_interfaces/include/robotics_interfaces/robotics_interfaces/srv/detail/motor_executor__rosidl_typesupport_fastrtps_cpp.hpp
[2.178s] -- Up-to-date: /home/pc/ros2_ws/install/robotics_interfaces/include/robotics_interfaces/robotics_interfaces/msg
[2.178s] -- Up-to-date: /home/pc/ros2_ws/install/robotics_interfaces/include/robotics_interfaces/robotics_interfaces/msg/rosidl_typesupport_fastrtps_cpp__visibility_control.h
[2.178s] -- Up-to-date: /home/pc/ros2_ws/install/robotics_interfaces/include/robotics_interfaces/robotics_interfaces/msg/detail
[2.178s] -- Up-to-date: /home/pc/ros2_ws/install/robotics_interfaces/include/robotics_interfaces/robotics_interfaces/msg/detail/dds_fastrtps
[2.178s] -- Up-to-date: /home/pc/ros2_ws/install/robotics_interfaces/include/robotics_interfaces/robotics_interfaces/msg/detail/trajectory_points__rosidl_typesupport_fastrtps_cpp.hpp
[2.178s] -- Installing: /home/pc/ros2_ws/install/robotics_interfaces/lib/librobotics_interfaces__rosidl_typesupport_fastrtps_cpp.so
[2.178s] -- Set runtime path of "/home/pc/ros2_ws/install/robotics_interfaces/lib/librobotics_interfaces__rosidl_typesupport_fastrtps_cpp.so" to ""
[2.178s] -- Up-to-date: /home/pc/ros2_ws/install/robotics_interfaces/include/robotics_interfaces/robotics_interfaces
[2.178s] -- Up-to-date: /home/pc/ros2_ws/install/robotics_interfaces/include/robotics_interfaces/robotics_interfaces/srv
[2.179s] -- Up-to-date: /home/pc/ros2_ws/install/robotics_interfaces/include/robotics_interfaces/robotics_interfaces/srv/detail
[2.179s] -- Installing: /home/pc/ros2_ws/install/robotics_interfaces/include/robotics_interfaces/robotics_interfaces/srv/detail/motor_executor__rosidl_typesupport_introspection_c.h
[2.179s] -- Installing: /home/pc/ros2_ws/install/robotics_interfaces/include/robotics_interfaces/robotics_interfaces/srv/detail/motor_executor__type_support.c
[2.179s] -- Up-to-date: /home/pc/ros2_ws/install/robotics_interfaces/include/robotics_interfaces/robotics_interfaces/msg
[2.179s] -- Up-to-date: /home/pc/ros2_ws/install/robotics_interfaces/include/robotics_interfaces/robotics_interfaces/msg/detail
[2.179s] -- Up-to-date: /home/pc/ros2_ws/install/robotics_interfaces/include/robotics_interfaces/robotics_interfaces/msg/detail/trajectory_points__type_support.c
[2.179s] -- Up-to-date: /home/pc/ros2_ws/install/robotics_interfaces/include/robotics_interfaces/robotics_interfaces/msg/detail/trajectory_points__rosidl_typesupport_introspection_c.h
[2.179s] -- Up-to-date: /home/pc/ros2_ws/install/robotics_interfaces/include/robotics_interfaces/robotics_interfaces/msg/rosidl_typesupport_introspection_c__visibility_control.h
[2.179s] -- Installing: /home/pc/ros2_ws/install/robotics_interfaces/lib/librobotics_interfaces__rosidl_typesupport_introspection_c.so
[2.179s] -- Set runtime path of "/home/pc/ros2_ws/install/robotics_interfaces/lib/librobotics_interfaces__rosidl_typesupport_introspection_c.so" to ""
[2.179s] -- Installing: /home/pc/ros2_ws/install/robotics_interfaces/lib/librobotics_interfaces__rosidl_typesupport_c.so
[2.179s] -- Set runtime path of "/home/pc/ros2_ws/install/robotics_interfaces/lib/librobotics_interfaces__rosidl_typesupport_c.so" to ""
[2.180s] -- Up-to-date: /home/pc/ros2_ws/install/robotics_interfaces/include/robotics_interfaces/robotics_interfaces
[2.180s] -- Up-to-date: /home/pc/ros2_ws/install/robotics_interfaces/include/robotics_interfaces/robotics_interfaces/srv
[2.180s] -- Up-to-date: /home/pc/ros2_ws/install/robotics_interfaces/include/robotics_interfaces/robotics_interfaces/srv/detail
[2.180s] -- Installing: /home/pc/ros2_ws/install/robotics_interfaces/include/robotics_interfaces/robotics_interfaces/srv/detail/motor_executor__type_support.cpp
[2.180s] -- Installing: /home/pc/ros2_ws/install/robotics_interfaces/include/robotics_interfaces/robotics_interfaces/srv/detail/motor_executor__rosidl_typesupport_introspection_cpp.hpp
[2.180s] -- Up-to-date: /home/pc/ros2_ws/install/robotics_interfaces/include/robotics_interfaces/robotics_interfaces/msg
[2.180s] -- Up-to-date: /home/pc/ros2_ws/install/robotics_interfaces/include/robotics_interfaces/robotics_interfaces/msg/detail
[2.180s] -- Up-to-date: /home/pc/ros2_ws/install/robotics_interfaces/include/robotics_interfaces/robotics_interfaces/msg/detail/trajectory_points__type_support.cpp
[2.180s] -- Up-to-date: /home/pc/ros2_ws/install/robotics_interfaces/include/robotics_interfaces/robotics_interfaces/msg/detail/trajectory_points__rosidl_typesupport_introspection_cpp.hpp
[2.180s] -- Installing: /home/pc/ros2_ws/install/robotics_interfaces/lib/librobotics_interfaces__rosidl_typesupport_introspection_cpp.so
[2.180s] -- Set runtime path of "/home/pc/ros2_ws/install/robotics_interfaces/lib/librobotics_interfaces__rosidl_typesupport_introspection_cpp.so" to ""
[2.180s] -- Installing: /home/pc/ros2_ws/install/robotics_interfaces/lib/librobotics_interfaces__rosidl_typesupport_cpp.so
[2.181s] -- Set runtime path of "/home/pc/ros2_ws/install/robotics_interfaces/lib/librobotics_interfaces__rosidl_typesupport_cpp.so" to ""
[2.181s] -- Up-to-date: /home/pc/ros2_ws/install/robotics_interfaces/share/robotics_interfaces/environment/pythonpath.sh
[2.181s] -- Installing: /home/pc/ros2_ws/install/robotics_interfaces/share/robotics_interfaces/environment/pythonpath.dsv
[2.181s] -- Up-to-date: /home/pc/ros2_ws/install/robotics_interfaces/local/lib/python3.10/dist-packages/robotics_interfaces-0.0.0-py3.10.egg-info
[2.181s] -- Installing: /home/pc/ros2_ws/install/robotics_interfaces/local/lib/python3.10/dist-packages/robotics_interfaces-0.0.0-py3.10.egg-info/PKG-INFO
[2.181s] -- Installing: /home/pc/ros2_ws/install/robotics_interfaces/local/lib/python3.10/dist-packages/robotics_interfaces-0.0.0-py3.10.egg-info/SOURCES.txt
[2.181s] -- Installing: /home/pc/ros2_ws/install/robotics_interfaces/local/lib/python3.10/dist-packages/robotics_interfaces-0.0.0-py3.10.egg-info/top_level.txt
[2.181s] -- Installing: /home/pc/ros2_ws/install/robotics_interfaces/local/lib/python3.10/dist-packages/robotics_interfaces-0.0.0-py3.10.egg-info/dependency_links.txt
[2.182s] -- Up-to-date: /home/pc/ros2_ws/install/robotics_interfaces/local/lib/python3.10/dist-packages/robotics_interfaces
[2.182s] -- Installing: /home/pc/ros2_ws/install/robotics_interfaces/local/lib/python3.10/dist-packages/robotics_interfaces/_robotics_interfaces_s.ep.rosidl_typesupport_introspection_c.c
[2.182s] -- Installing: /home/pc/ros2_ws/install/robotics_interfaces/local/lib/python3.10/dist-packages/robotics_interfaces/__init__.py
[2.182s] -- Up-to-date: /home/pc/ros2_ws/install/robotics_interfaces/local/lib/python3.10/dist-packages/robotics_interfaces/srv
[2.182s] -- Installing: /home/pc/ros2_ws/install/robotics_interfaces/local/lib/python3.10/dist-packages/robotics_interfaces/srv/__init__.py
[2.182s] -- Installing: /home/pc/ros2_ws/install/robotics_interfaces/local/lib/python3.10/dist-packages/robotics_interfaces/srv/_motor_executor.py
[2.182s] -- Installing: /home/pc/ros2_ws/install/robotics_interfaces/local/lib/python3.10/dist-packages/robotics_interfaces/srv/_motor_executor_s.c
[2.182s] -- Installing: /home/pc/ros2_ws/install/robotics_interfaces/local/lib/python3.10/dist-packages/robotics_interfaces/librobotics_interfaces__rosidl_generator_py.so
[2.182s] -- Installing: /home/pc/ros2_ws/install/robotics_interfaces/local/lib/python3.10/dist-packages/robotics_interfaces/_robotics_interfaces_s.ep.rosidl_typesupport_fastrtps_c.c
[2.183s] -- Installing: /home/pc/ros2_ws/install/robotics_interfaces/local/lib/python3.10/dist-packages/robotics_interfaces/_robotics_interfaces_s.ep.rosidl_typesupport_c.c
[2.183s] -- Up-to-date: /home/pc/ros2_ws/install/robotics_interfaces/local/lib/python3.10/dist-packages/robotics_interfaces/msg
[2.183s] -- Up-to-date: /home/pc/ros2_ws/install/robotics_interfaces/local/lib/python3.10/dist-packages/robotics_interfaces/msg/__init__.py
[2.183s] -- Up-to-date: /home/pc/ros2_ws/install/robotics_interfaces/local/lib/python3.10/dist-packages/robotics_interfaces/msg/_trajectory_points.py
[2.183s] -- Up-to-date: /home/pc/ros2_ws/install/robotics_interfaces/local/lib/python3.10/dist-packages/robotics_interfaces/msg/_trajectory_points_s.c
[2.183s] -- Installing: /home/pc/ros2_ws/install/robotics_interfaces/local/lib/python3.10/dist-packages/robotics_interfaces/robotics_interfaces_s__rosidl_typesupport_introspection_c.cpython-310-x86_64-linux-gnu.so
[2.183s] -- Installing: /home/pc/ros2_ws/install/robotics_interfaces/local/lib/python3.10/dist-packages/robotics_interfaces/robotics_interfaces_s__rosidl_typesupport_fastrtps_c.cpython-310-x86_64-linux-gnu.so
[2.183s] -- Installing: /home/pc/ros2_ws/install/robotics_interfaces/local/lib/python3.10/dist-packages/robotics_interfaces/robotics_interfaces_s__rosidl_typesupport_c.cpython-310-x86_64-linux-gnu.so
[2.213s] Listing '/home/pc/ros2_ws/install/robotics_interfaces/local/lib/python3.10/dist-packages/robotics_interfaces'...
[2.213s] Compiling '/home/pc/ros2_ws/install/robotics_interfaces/local/lib/python3.10/dist-packages/robotics_interfaces/__init__.py'...
[2.213s] Listing '/home/pc/ros2_ws/install/robotics_interfaces/local/lib/python3.10/dist-packages/robotics_interfaces/msg'...
[2.213s] Listing '/home/pc/ros2_ws/install/robotics_interfaces/local/lib/python3.10/dist-packages/robotics_interfaces/srv'...
[2.213s] Compiling '/home/pc/ros2_ws/install/robotics_interfaces/local/lib/python3.10/dist-packages/robotics_interfaces/srv/__init__.py'...
[2.213s] Compiling '/home/pc/ros2_ws/install/robotics_interfaces/local/lib/python3.10/dist-packages/robotics_interfaces/srv/_motor_executor.py'...
[2.216s] -- Installing: /home/pc/ros2_ws/install/robotics_interfaces/local/lib/python3.10/dist-packages/robotics_interfaces/robotics_interfaces_s__rosidl_typesupport_fastrtps_c.cpython-310-x86_64-linux-gnu.so
[2.216s] -- Set runtime path of "/home/pc/ros2_ws/install/robotics_interfaces/local/lib/python3.10/dist-packages/robotics_interfaces/robotics_interfaces_s__rosidl_typesupport_fastrtps_c.cpython-310-x86_64-linux-gnu.so" to ""
[2.216s] -- Installing: /home/pc/ros2_ws/install/robotics_interfaces/local/lib/python3.10/dist-packages/robotics_interfaces/robotics_interfaces_s__rosidl_typesupport_introspection_c.cpython-310-x86_64-linux-gnu.so
[2.216s] -- Set runtime path of "/home/pc/ros2_ws/install/robotics_interfaces/local/lib/python3.10/dist-packages/robotics_interfaces/robotics_interfaces_s__rosidl_typesupport_introspection_c.cpython-310-x86_64-linux-gnu.so" to ""
[2.217s] -- Installing: /home/pc/ros2_ws/install/robotics_interfaces/local/lib/python3.10/dist-packages/robotics_interfaces/robotics_interfaces_s__rosidl_typesupport_c.cpython-310-x86_64-linux-gnu.so
[2.217s] -- Set runtime path of "/home/pc/ros2_ws/install/robotics_interfaces/local/lib/python3.10/dist-packages/robotics_interfaces/robotics_interfaces_s__rosidl_typesupport_c.cpython-310-x86_64-linux-gnu.so" to ""
[2.217s] -- Installing: /home/pc/ros2_ws/install/robotics_interfaces/lib/librobotics_interfaces__rosidl_generator_py.so
[2.217s] -- Set runtime path of "/home/pc/ros2_ws/install/robotics_interfaces/lib/librobotics_interfaces__rosidl_generator_py.so" to ""
[2.217s] -- Installing: /home/pc/ros2_ws/install/robotics_interfaces/share/robotics_interfaces/srv/MotorExecutor.idl
[2.218s] -- Installing: /home/pc/ros2_ws/install/robotics_interfaces/share/robotics_interfaces/srv/MotorExecutor.srv
[2.218s] -- Installing: /home/pc/ros2_ws/install/robotics_interfaces/share/robotics_interfaces/srv/MotorExecutor_Request.msg
[2.218s] -- Up-to-date: /home/pc/ros2_ws/install/robotics_interfaces/share/robotics_interfaces/srv/MotorExecutor_Response.msg
[2.218s] -- Up-to-date: /home/pc/ros2_ws/install/robotics_interfaces/share/ament_index/resource_index/package_run_dependencies/robotics_interfaces
[2.218s] -- Up-to-date: /home/pc/ros2_ws/install/robotics_interfaces/share/ament_index/resource_index/parent_prefix_path/robotics_interfaces
[2.218s] -- Up-to-date: /home/pc/ros2_ws/install/robotics_interfaces/share/robotics_interfaces/environment/ament_prefix_path.sh
[2.218s] -- Installing: /home/pc/ros2_ws/install/robotics_interfaces/share/robotics_interfaces/environment/ament_prefix_path.dsv
[2.218s] -- Up-to-date: /home/pc/ros2_ws/install/robotics_interfaces/share/robotics_interfaces/environment/path.sh
[2.218s] -- Installing: /home/pc/ros2_ws/install/robotics_interfaces/share/robotics_interfaces/environment/path.dsv
[2.218s] -- Up-to-date: /home/pc/ros2_ws/install/robotics_interfaces/share/robotics_interfaces/local_setup.bash
[2.218s] -- Up-to-date: /home/pc/ros2_ws/install/robotics_interfaces/share/robotics_interfaces/local_setup.sh
[2.218s] -- Up-to-date: /home/pc/ros2_ws/install/robotics_interfaces/share/robotics_interfaces/local_setup.zsh
[2.218s] -- Installing: /home/pc/ros2_ws/install/robotics_interfaces/share/robotics_interfaces/local_setup.dsv
[2.219s] -- Installing: /home/pc/ros2_ws/install/robotics_interfaces/share/robotics_interfaces/package.dsv
[2.219s] -- Up-to-date: /home/pc/ros2_ws/install/robotics_interfaces/share/ament_index/resource_index/packages/robotics_interfaces
[2.219s] -- Up-to-date: /home/pc/ros2_ws/install/robotics_interfaces/share/robotics_interfaces/cmake/export_robotics_interfaces__rosidl_generator_cExport.cmake
[2.219s] -- Up-to-date: /home/pc/ros2_ws/install/robotics_interfaces/share/robotics_interfaces/cmake/export_robotics_interfaces__rosidl_generator_cExport-noconfig.cmake
[2.219s] -- Up-to-date: /home/pc/ros2_ws/install/robotics_interfaces/share/robotics_interfaces/cmake/export_robotics_interfaces__rosidl_typesupport_fastrtps_cExport.cmake
[2.219s] -- Up-to-date: /home/pc/ros2_ws/install/robotics_interfaces/share/robotics_interfaces/cmake/export_robotics_interfaces__rosidl_typesupport_fastrtps_cExport-noconfig.cmake
[2.219s] -- Up-to-date: /home/pc/ros2_ws/install/robotics_interfaces/share/robotics_interfaces/cmake/export_robotics_interfaces__rosidl_generator_cppExport.cmake
[2.219s] -- Up-to-date: /home/pc/ros2_ws/install/robotics_interfaces/share/robotics_interfaces/cmake/export_robotics_interfaces__rosidl_typesupport_fastrtps_cppExport.cmake
[2.219s] -- Up-to-date: /home/pc/ros2_ws/install/robotics_interfaces/share/robotics_interfaces/cmake/export_robotics_interfaces__rosidl_typesupport_fastrtps_cppExport-noconfig.cmake
[2.219s] -- Up-to-date: /home/pc/ros2_ws/install/robotics_interfaces/share/robotics_interfaces/cmake/robotics_interfaces__rosidl_typesupport_introspection_cExport.cmake
[2.219s] -- Up-to-date: /home/pc/ros2_ws/install/robotics_interfaces/share/robotics_interfaces/cmake/robotics_interfaces__rosidl_typesupport_introspection_cExport-noconfig.cmake
[2.219s] -- Up-to-date: /home/pc/ros2_ws/install/robotics_interfaces/share/robotics_interfaces/cmake/robotics_interfaces__rosidl_typesupport_cExport.cmake
[2.219s] -- Up-to-date: /home/pc/ros2_ws/install/robotics_interfaces/share/robotics_interfaces/cmake/robotics_interfaces__rosidl_typesupport_cExport-noconfig.cmake
[2.219s] -- Up-to-date: /home/pc/ros2_ws/install/robotics_interfaces/share/robotics_interfaces/cmake/robotics_interfaces__rosidl_typesupport_introspection_cppExport.cmake
[2.220s] -- Up-to-date: /home/pc/ros2_ws/install/robotics_interfaces/share/robotics_interfaces/cmake/robotics_interfaces__rosidl_typesupport_introspection_cppExport-noconfig.cmake
[2.220s] -- Up-to-date: /home/pc/ros2_ws/install/robotics_interfaces/share/robotics_interfaces/cmake/robotics_interfaces__rosidl_typesupport_cppExport.cmake
[2.220s] -- Up-to-date: /home/pc/ros2_ws/install/robotics_interfaces/share/robotics_interfaces/cmake/robotics_interfaces__rosidl_typesupport_cppExport-noconfig.cmake
[2.220s] -- Up-to-date: /home/pc/ros2_ws/install/robotics_interfaces/share/robotics_interfaces/cmake/export_robotics_interfaces__rosidl_generator_pyExport.cmake
[2.220s] -- Up-to-date: /home/pc/ros2_ws/install/robotics_interfaces/share/robotics_interfaces/cmake/export_robotics_interfaces__rosidl_generator_pyExport-noconfig.cmake
[2.220s] -- Up-to-date: /home/pc/ros2_ws/install/robotics_interfaces/share/robotics_interfaces/cmake/rosidl_cmake-extras.cmake
[2.220s] -- Up-to-date: /home/pc/ros2_ws/install/robotics_interfaces/share/robotics_interfaces/cmake/ament_cmake_export_include_directories-extras.cmake
[2.220s] -- Up-to-date: /home/pc/ros2_ws/install/robotics_interfaces/share/robotics_interfaces/cmake/ament_cmake_export_libraries-extras.cmake
[2.220s] -- Up-to-date: /home/pc/ros2_ws/install/robotics_interfaces/share/robotics_interfaces/cmake/ament_cmake_export_targets-extras.cmake
[2.220s] -- Up-to-date: /home/pc/ros2_ws/install/robotics_interfaces/share/robotics_interfaces/cmake/rosidl_cmake_export_typesupport_targets-extras.cmake
[2.220s] -- Up-to-date: /home/pc/ros2_ws/install/robotics_interfaces/share/robotics_interfaces/cmake/ament_cmake_export_dependencies-extras.cmake
[2.220s] -- Up-to-date: /home/pc/ros2_ws/install/robotics_interfaces/share/robotics_interfaces/cmake/rosidl_cmake_export_typesupport_libraries-extras.cmake
[2.220s] -- Up-to-date: /home/pc/ros2_ws/install/robotics_interfaces/share/robotics_interfaces/cmake/robotics_interfacesConfig.cmake
[2.220s] -- Up-to-date: /home/pc/ros2_ws/install/robotics_interfaces/share/robotics_interfaces/cmake/robotics_interfacesConfig-version.cmake
[2.220s] -- Up-to-date: /home/pc/ros2_ws/install/robotics_interfaces/share/robotics_interfaces/package.xml
[2.222s] Invoked command in '/home/pc/ros2_ws/build/robotics_interfaces' returned '0': CMAKE_PREFIX_PATH=${CMAKE_PREFIX_PATH}:/home/pc/MG_motor_ws/install/MG_Motor_test:/home/pc/mobile_ws/install/sensing_pkg:/home/pc/mobile_ws/install/my_turtle_proj:/home/pc/mobile_ws/install/lec_pkg_py:/home/pc/mobile_ws/install/dxl_pwm_control:/home/pc/ros2_ws/install/test_robotics_proj:/home/pc/ros2_ws/install/robotics_proj:/opt/ros/humble /usr/bin/cmake --install /home/pc/ros2_ws/build/robotics_interfaces
