[0.008s] Invoking command in '/home/pc/ros2_ws/build/robotics_interfaces': /usr/bin/cmake /home/pc/ros2_ws/src/robotics_interfaces -DCMAKE_INSTALL_PREFIX=/home/pc/ros2_ws/install/robotics_interfaces
[0.016s] -- Found ament_cmake: 1.3.11 (/opt/ros/humble/share/ament_cmake/cmake)
[0.108s] -- Found geometry_msgs: 4.8.0 (/opt/ros/humble/share/geometry_msgs/cmake)
[0.131s] -- Found rosidl_generator_c: 3.1.6 (/opt/ros/humble/share/rosidl_generator_c/cmake)
[0.134s] -- Found rosidl_adapter: 3.1.6 (/opt/ros/humble/share/rosidl_adapter/cmake)
[0.138s] -- Found rosidl_generator_cpp: 3.1.6 (/opt/ros/humble/share/rosidl_generator_cpp/cmake)
[0.144s] -- Using all available rosidl_typesupport_c: rosidl_typesupport_fastrtps_c;rosidl_typesupport_introspection_c
[0.152s] -- Using all available rosidl_typesupport_cpp: rosidl_typesupport_fastrtps_cpp;rosidl_typesupport_introspection_cpp
[0.175s] -- Found rosidl_default_generators: 1.2.0 (/opt/ros/humble/share/rosidl_default_generators/cmake)
[0.313s] Error parsing '/home/pc/ros2_ws/src/robotics_interfaces/package.xml':
[0.344s] Traceback (most recent call last):
[0.344s]   File "/opt/ros/humble/share/ament_cmake_core/cmake/core/package_xml_2_cmake.py", line 150, in <module>
[0.344s]     main()
[0.344s]   File "/opt/ros/humble/share/ament_cmake_core/cmake/core/package_xml_2_cmake.py", line 53, in main
[0.344s]     raise e
[0.344s]   File "/opt/ros/humble/share/ament_cmake_core/cmake/core/package_xml_2_cmake.py", line 49, in main
[0.344s]     package = parse_package_string(
[0.344s]   File "/usr/lib/python3/dist-packages/catkin_pkg/package.py", line 788, in parse_package_string
[0.345s]     pkg.validate(warnings=warnings)
[0.345s]   File "/usr/lib/python3/dist-packages/catkin_pkg/package.py", line 330, in validate
[0.345s]     raise InvalidPackage('\n'.join(errors), self.filename)
[0.345s] catkin_pkg.package.InvalidPackage: Error(s) in package '/home/pc/ros2_ws/src/robotics_interfaces/package.xml':
[0.345s] Package 'robotics_interfaces' must declare at least one maintainer
[0.352s] [31mCMake Error at /opt/ros/humble/share/ament_cmake_core/cmake/core/ament_package_xml.cmake:95 (message):
[0.352s]   execute_process(/usr/bin/python3
[0.352s]   /opt/ros/humble/share/ament_cmake_core/cmake/core/package_xml_2_cmake.py
[0.352s]   /home/pc/ros2_ws/src/robotics_interfaces/package.xml
[0.352s]   /home/pc/ros2_ws/build/robotics_interfaces/ament_cmake_core/package.cmake)
[0.352s]   returned error code 1
[0.352s] Call Stack (most recent call first):
[0.353s]   /opt/ros/humble/share/ament_cmake_core/cmake/core/ament_package_xml.cmake:49 (_ament_package_xml)
[0.353s]   /opt/ros/humble/share/rosidl_cmake/cmake/rosidl_generate_interfaces.cmake:226 (ament_package_xml)
[0.353s]   CMakeLists.txt:8 (rosidl_generate_interfaces)
[0.353s] 
[0.353s] [0m
[0.353s] -- Configuring incomplete, errors occurred!
[0.353s] See also "/home/pc/ros2_ws/build/robotics_interfaces/CMakeFiles/CMakeOutput.log".
[0.358s] Invoked command in '/home/pc/ros2_ws/build/robotics_interfaces' returned '1': /usr/bin/cmake /home/pc/ros2_ws/src/robotics_interfaces -DCMAKE_INSTALL_PREFIX=/home/pc/ros2_ws/install/robotics_interfaces
