[0.304s] Invoking command in '/home/pc/robot_ws/src/robotics_proj': PYTHONPATH=/home/pc/robot_ws/build/robotics_proj/prefix_override:/usr/lib/python3/dist-packages/colcon_core/task/python/colcon_distutils_commands:/home/pc/robot_ws/install/robotics_proj/lib/python3.10/site-packages:${PYTHONPATH} /usr/bin/python3 -W ignore:setup.py install is deprecated -W ignore:easy_install command is deprecated setup.py egg_info --egg-base ../../build/robotics_proj build --build-base /home/pc/robot_ws/build/robotics_proj/build install --record /home/pc/robot_ws/build/robotics_proj/install.log --single-version-externally-managed install_data
[0.419s] running egg_info
[0.419s] creating ../../build/robotics_proj/robotics_proj.egg-info
[0.419s] writing ../../build/robotics_proj/robotics_proj.egg-info/PKG-INFO
[0.419s] writing dependency_links to ../../build/robotics_proj/robotics_proj.egg-info/dependency_links.txt
[0.419s] writing entry points to ../../build/robotics_proj/robotics_proj.egg-info/entry_points.txt
[0.419s] writing requirements to ../../build/robotics_proj/robotics_proj.egg-info/requires.txt
[0.419s] writing top-level names to ../../build/robotics_proj/robotics_proj.egg-info/top_level.txt
[0.419s] writing manifest file '../../build/robotics_proj/robotics_proj.egg-info/SOURCES.txt'
[0.420s] reading manifest file '../../build/robotics_proj/robotics_proj.egg-info/SOURCES.txt'
[0.420s] writing manifest file '../../build/robotics_proj/robotics_proj.egg-info/SOURCES.txt'
[0.420s] running build
[0.420s] running build_py
[0.420s] creating /home/pc/robot_ws/build/robotics_proj/build
[0.420s] creating /home/pc/robot_ws/build/robotics_proj/build/lib
[0.420s] creating /home/pc/robot_ws/build/robotics_proj/build/lib/robotics_proj
[0.420s] copying robotics_proj/__init__.py -> /home/pc/robot_ws/build/robotics_proj/build/lib/robotics_proj
[0.420s] copying robotics_proj/motor_ready.py -> /home/pc/robot_ws/build/robotics_proj/build/lib/robotics_proj
[0.421s] running install
[0.421s] running install_lib
[0.421s] creating /home/pc/robot_ws/install/robotics_proj/lib/python3.10/site-packages/robotics_proj
[0.421s] copying /home/pc/robot_ws/build/robotics_proj/build/lib/robotics_proj/__init__.py -> /home/pc/robot_ws/install/robotics_proj/lib/python3.10/site-packages/robotics_proj
[0.421s] copying /home/pc/robot_ws/build/robotics_proj/build/lib/robotics_proj/motor_ready.py -> /home/pc/robot_ws/install/robotics_proj/lib/python3.10/site-packages/robotics_proj
[0.421s] byte-compiling /home/pc/robot_ws/install/robotics_proj/lib/python3.10/site-packages/robotics_proj/__init__.py to __init__.cpython-310.pyc
[0.422s] byte-compiling /home/pc/robot_ws/install/robotics_proj/lib/python3.10/site-packages/robotics_proj/motor_ready.py to motor_ready.cpython-310.pyc
[0.422s] running install_data
[0.422s] creating /home/pc/robot_ws/install/robotics_proj/share/ament_index
[0.422s] creating /home/pc/robot_ws/install/robotics_proj/share/ament_index/resource_index
[0.422s] creating /home/pc/robot_ws/install/robotics_proj/share/ament_index/resource_index/packages
[0.422s] copying resource/robotics_proj -> /home/pc/robot_ws/install/robotics_proj/share/ament_index/resource_index/packages
[0.422s] copying package.xml -> /home/pc/robot_ws/install/robotics_proj/share/robotics_proj
[0.422s] running install_egg_info
[0.423s] Copying ../../build/robotics_proj/robotics_proj.egg-info to /home/pc/robot_ws/install/robotics_proj/lib/python3.10/site-packages/robotics_proj-0.0.0-py3.10.egg-info
[0.424s] running install_scripts
[0.437s] Installing motor_ready script to /home/pc/robot_ws/install/robotics_proj/lib/robotics_proj
[0.437s] writing list of installed files to '/home/pc/robot_ws/build/robotics_proj/install.log'
[0.455s] Invoked command in '/home/pc/robot_ws/src/robotics_proj' returned '0': PYTHONPATH=/home/pc/robot_ws/build/robotics_proj/prefix_override:/usr/lib/python3/dist-packages/colcon_core/task/python/colcon_distutils_commands:/home/pc/robot_ws/install/robotics_proj/lib/python3.10/site-packages:${PYTHONPATH} /usr/bin/python3 -W ignore:setup.py install is deprecated -W ignore:easy_install command is deprecated setup.py egg_info --egg-base ../../build/robotics_proj build --build-base /home/pc/robot_ws/build/robotics_proj/build install --record /home/pc/robot_ws/build/robotics_proj/install.log --single-version-externally-managed install_data
