[0.103s] DEBUG:colcon:Command line arguments: ['/usr/bin/colcon', 'build', '--packages-select', 'robotics_interfaces']
[0.104s] DEBUG:colcon:Parsed command line arguments: Namespace(log_base=None, log_level=None, verb_name='build', build_base='build', install_base='install', merge_install=False, symlink_install=False, test_result_base=None, continue_on_error=False, executor='parallel', parallel_workers=16, event_handlers=None, ignore_user_meta=False, metas=['./colcon.meta'], base_paths=['.'], packages_ignore=None, packages_ignore_regex=None, paths=None, packages_up_to=None, packages_up_to_regex=None, packages_above=None, packages_above_and_dependencies=None, packages_above_depth=None, packages_select_by_dep=None, packages_skip_by_dep=None, packages_skip_up_to=None, packages_select_build_failed=False, packages_skip_build_finished=False, packages_select_test_failures=False, packages_skip_test_passed=False, packages_select=['robotics_interfaces'], packages_skip=None, packages_select_regex=None, packages_skip_regex=None, packages_start=None, packages_end=None, allow_overriding=[], cmake_args=None, cmake_target=None, cmake_target_skip_unavailable=False, cmake_clean_cache=False, cmake_clean_first=False, cmake_force_configure=False, ament_cmake_args=None, catkin_cmake_args=None, catkin_skip_building_tests=False, verb_parser=<colcon_defaults.argument_parser.defaults.DefaultArgumentsDecorator object at 0x7c15ce8d33a0>, verb_extension=<colcon_core.verb.build.BuildVerb object at 0x7c15cea95210>, main=<bound method BuildVerb.main of <colcon_core.verb.build.BuildVerb object at 0x7c15cea95210>>)
[0.253s] Level 1:colcon.colcon_core.package_discovery:discover_packages(colcon_meta) check parameters
[0.253s] Level 1:colcon.colcon_core.package_discovery:discover_packages(recursive) check parameters
[0.253s] Level 1:colcon.colcon_core.package_discovery:discover_packages(ignore) check parameters
[0.253s] Level 1:colcon.colcon_core.package_discovery:discover_packages(path) check parameters
[0.253s] Level 1:colcon.colcon_core.package_discovery:discover_packages(colcon_meta) discover
[0.253s] Level 1:colcon.colcon_core.package_discovery:discover_packages(recursive) discover
[0.253s] INFO:colcon.colcon_core.package_discovery:Crawling recursively for packages in '/home/pc/ros2_ws'
[0.253s] Level 1:colcon.colcon_core.package_identification:_identify(.) by extensions ['ignore', 'ignore_ament_install']
[0.253s] Level 1:colcon.colcon_core.package_identification:_identify(.) by extension 'ignore'
[0.253s] Level 1:colcon.colcon_core.package_identification:_identify(.) by extension 'ignore_ament_install'
[0.253s] Level 1:colcon.colcon_core.package_identification:_identify(.) by extensions ['colcon_pkg']
[0.253s] Level 1:colcon.colcon_core.package_identification:_identify(.) by extension 'colcon_pkg'
[0.253s] Level 1:colcon.colcon_core.package_identification:_identify(.) by extensions ['colcon_meta']
[0.253s] Level 1:colcon.colcon_core.package_identification:_identify(.) by extension 'colcon_meta'
[0.253s] Level 1:colcon.colcon_core.package_identification:_identify(.) by extensions ['ros']
[0.253s] Level 1:colcon.colcon_core.package_identification:_identify(.) by extension 'ros'
[0.261s] Level 1:colcon.colcon_core.package_identification:_identify(.) by extensions ['cmake', 'python']
[0.261s] Level 1:colcon.colcon_core.package_identification:_identify(.) by extension 'cmake'
[0.261s] Level 1:colcon.colcon_core.package_identification:_identify(.) by extension 'python'
[0.261s] Level 1:colcon.colcon_core.package_identification:_identify(.) by extensions ['python_setup_py']
[0.261s] Level 1:colcon.colcon_core.package_identification:_identify(.) by extension 'python_setup_py'
[0.261s] Level 1:colcon.colcon_core.package_identification:_identify(build) by extensions ['ignore', 'ignore_ament_install']
[0.261s] Level 1:colcon.colcon_core.package_identification:_identify(build) by extension 'ignore'
[0.261s] Level 1:colcon.colcon_core.package_identification:_identify(build) ignored
[0.261s] Level 1:colcon.colcon_core.package_identification:_identify(install) by extensions ['ignore', 'ignore_ament_install']
[0.262s] Level 1:colcon.colcon_core.package_identification:_identify(install) by extension 'ignore'
[0.262s] Level 1:colcon.colcon_core.package_identification:_identify(install) ignored
[0.262s] Level 1:colcon.colcon_core.package_identification:_identify(log) by extensions ['ignore', 'ignore_ament_install']
[0.262s] Level 1:colcon.colcon_core.package_identification:_identify(log) by extension 'ignore'
[0.262s] Level 1:colcon.colcon_core.package_identification:_identify(log) ignored
[0.262s] Level 1:colcon.colcon_core.package_identification:_identify(src) by extensions ['ignore', 'ignore_ament_install']
[0.262s] Level 1:colcon.colcon_core.package_identification:_identify(src) by extension 'ignore'
[0.262s] Level 1:colcon.colcon_core.package_identification:_identify(src) by extension 'ignore_ament_install'
[0.262s] Level 1:colcon.colcon_core.package_identification:_identify(src) by extensions ['colcon_pkg']
[0.262s] Level 1:colcon.colcon_core.package_identification:_identify(src) by extension 'colcon_pkg'
[0.262s] Level 1:colcon.colcon_core.package_identification:_identify(src) by extensions ['colcon_meta']
[0.262s] Level 1:colcon.colcon_core.package_identification:_identify(src) by extension 'colcon_meta'
[0.262s] Level 1:colcon.colcon_core.package_identification:_identify(src) by extensions ['ros']
[0.262s] Level 1:colcon.colcon_core.package_identification:_identify(src) by extension 'ros'
[0.262s] Level 1:colcon.colcon_core.package_identification:_identify(src) by extensions ['cmake', 'python']
[0.262s] Level 1:colcon.colcon_core.package_identification:_identify(src) by extension 'cmake'
[0.262s] Level 1:colcon.colcon_core.package_identification:_identify(src) by extension 'python'
[0.262s] Level 1:colcon.colcon_core.package_identification:_identify(src) by extensions ['python_setup_py']
[0.262s] Level 1:colcon.colcon_core.package_identification:_identify(src) by extension 'python_setup_py'
[0.262s] Level 1:colcon.colcon_core.package_identification:_identify(src/robotics_interfaces) by extensions ['ignore', 'ignore_ament_install']
[0.262s] Level 1:colcon.colcon_core.package_identification:_identify(src/robotics_interfaces) by extension 'ignore'
[0.262s] Level 1:colcon.colcon_core.package_identification:_identify(src/robotics_interfaces) by extension 'ignore_ament_install'
[0.262s] Level 1:colcon.colcon_core.package_identification:_identify(src/robotics_interfaces) by extensions ['colcon_pkg']
[0.262s] Level 1:colcon.colcon_core.package_identification:_identify(src/robotics_interfaces) by extension 'colcon_pkg'
[0.262s] Level 1:colcon.colcon_core.package_identification:_identify(src/robotics_interfaces) by extensions ['colcon_meta']
[0.262s] Level 1:colcon.colcon_core.package_identification:_identify(src/robotics_interfaces) by extension 'colcon_meta'
[0.263s] Level 1:colcon.colcon_core.package_identification:_identify(src/robotics_interfaces) by extensions ['ros']
[0.263s] Level 1:colcon.colcon_core.package_identification:_identify(src/robotics_interfaces) by extension 'ros'
[0.264s] DEBUG:colcon.colcon_core.package_identification:Package 'src/robotics_interfaces' with type 'ros.ament_cmake' and name 'robotics_interfaces'
[0.264s] Level 1:colcon.colcon_core.package_identification:_identify(src/robotics_proj) by extensions ['ignore', 'ignore_ament_install']
[0.265s] Level 1:colcon.colcon_core.package_identification:_identify(src/robotics_proj) by extension 'ignore'
[0.265s] Level 1:colcon.colcon_core.package_identification:_identify(src/robotics_proj) by extension 'ignore_ament_install'
[0.265s] Level 1:colcon.colcon_core.package_identification:_identify(src/robotics_proj) by extensions ['colcon_pkg']
[0.265s] Level 1:colcon.colcon_core.package_identification:_identify(src/robotics_proj) by extension 'colcon_pkg'
[0.265s] Level 1:colcon.colcon_core.package_identification:_identify(src/robotics_proj) by extensions ['colcon_meta']
[0.265s] Level 1:colcon.colcon_core.package_identification:_identify(src/robotics_proj) by extension 'colcon_meta'
[0.265s] Level 1:colcon.colcon_core.package_identification:_identify(src/robotics_proj) by extensions ['ros']
[0.265s] Level 1:colcon.colcon_core.package_identification:_identify(src/robotics_proj) by extension 'ros'
[0.265s] DEBUG:colcon.colcon_core.package_identification:Package 'src/robotics_proj' with type 'ros.ament_python' and name 'robotics_proj'
[0.265s] Level 1:colcon.colcon_core.package_identification:_identify(src/test_robotics_proj) by extensions ['ignore', 'ignore_ament_install']
[0.265s] Level 1:colcon.colcon_core.package_identification:_identify(src/test_robotics_proj) by extension 'ignore'
[0.265s] Level 1:colcon.colcon_core.package_identification:_identify(src/test_robotics_proj) by extension 'ignore_ament_install'
[0.266s] Level 1:colcon.colcon_core.package_identification:_identify(src/test_robotics_proj) by extensions ['colcon_pkg']
[0.266s] Level 1:colcon.colcon_core.package_identification:_identify(src/test_robotics_proj) by extension 'colcon_pkg'
[0.266s] Level 1:colcon.colcon_core.package_identification:_identify(src/test_robotics_proj) by extensions ['colcon_meta']
[0.266s] Level 1:colcon.colcon_core.package_identification:_identify(src/test_robotics_proj) by extension 'colcon_meta'
[0.266s] Level 1:colcon.colcon_core.package_identification:_identify(src/test_robotics_proj) by extensions ['ros']
[0.266s] Level 1:colcon.colcon_core.package_identification:_identify(src/test_robotics_proj) by extension 'ros'
[0.266s] DEBUG:colcon.colcon_core.package_identification:Package 'src/test_robotics_proj' with type 'ros.ament_python' and name 'test_robotics_proj'
[0.266s] Level 1:colcon.colcon_core.package_identification:_identify(test_directory) by extensions ['ignore', 'ignore_ament_install']
[0.266s] Level 1:colcon.colcon_core.package_identification:_identify(test_directory) by extension 'ignore'
[0.266s] Level 1:colcon.colcon_core.package_identification:_identify(test_directory) by extension 'ignore_ament_install'
[0.266s] Level 1:colcon.colcon_core.package_identification:_identify(test_directory) by extensions ['colcon_pkg']
[0.266s] Level 1:colcon.colcon_core.package_identification:_identify(test_directory) by extension 'colcon_pkg'
[0.266s] Level 1:colcon.colcon_core.package_identification:_identify(test_directory) by extensions ['colcon_meta']
[0.266s] Level 1:colcon.colcon_core.package_identification:_identify(test_directory) by extension 'colcon_meta'
[0.266s] Level 1:colcon.colcon_core.package_identification:_identify(test_directory) by extensions ['ros']
[0.266s] Level 1:colcon.colcon_core.package_identification:_identify(test_directory) by extension 'ros'
[0.267s] Level 1:colcon.colcon_core.package_identification:_identify(test_directory) by extensions ['cmake', 'python']
[0.267s] Level 1:colcon.colcon_core.package_identification:_identify(test_directory) by extension 'cmake'
[0.267s] Level 1:colcon.colcon_core.package_identification:_identify(test_directory) by extension 'python'
[0.267s] Level 1:colcon.colcon_core.package_identification:_identify(test_directory) by extensions ['python_setup_py']
[0.267s] Level 1:colcon.colcon_core.package_identification:_identify(test_directory) by extension 'python_setup_py'
[0.267s] Level 1:colcon.colcon_core.package_identification:_identify(test_directory/__pycache__) by extensions ['ignore', 'ignore_ament_install']
[0.267s] Level 1:colcon.colcon_core.package_identification:_identify(test_directory/__pycache__) by extension 'ignore'
[0.267s] Level 1:colcon.colcon_core.package_identification:_identify(test_directory/__pycache__) by extension 'ignore_ament_install'
[0.267s] Level 1:colcon.colcon_core.package_identification:_identify(test_directory/__pycache__) by extensions ['colcon_pkg']
[0.267s] Level 1:colcon.colcon_core.package_identification:_identify(test_directory/__pycache__) by extension 'colcon_pkg'
[0.267s] Level 1:colcon.colcon_core.package_identification:_identify(test_directory/__pycache__) by extensions ['colcon_meta']
[0.267s] Level 1:colcon.colcon_core.package_identification:_identify(test_directory/__pycache__) by extension 'colcon_meta'
[0.267s] Level 1:colcon.colcon_core.package_identification:_identify(test_directory/__pycache__) by extensions ['ros']
[0.267s] Level 1:colcon.colcon_core.package_identification:_identify(test_directory/__pycache__) by extension 'ros'
[0.267s] Level 1:colcon.colcon_core.package_identification:_identify(test_directory/__pycache__) by extensions ['cmake', 'python']
[0.267s] Level 1:colcon.colcon_core.package_identification:_identify(test_directory/__pycache__) by extension 'cmake'
[0.267s] Level 1:colcon.colcon_core.package_identification:_identify(test_directory/__pycache__) by extension 'python'
[0.267s] Level 1:colcon.colcon_core.package_identification:_identify(test_directory/__pycache__) by extensions ['python_setup_py']
[0.267s] Level 1:colcon.colcon_core.package_identification:_identify(test_directory/__pycache__) by extension 'python_setup_py'
[0.267s] Level 1:colcon.colcon_core.package_discovery:discover_packages(recursive) using defaults
[0.267s] Level 1:colcon.colcon_core.package_discovery:discover_packages(ignore) discover
[0.267s] Level 1:colcon.colcon_core.package_discovery:discover_packages(ignore) using defaults
[0.267s] Level 1:colcon.colcon_core.package_discovery:discover_packages(path) discover
[0.267s] Level 1:colcon.colcon_core.package_discovery:discover_packages(path) using defaults
[0.288s] INFO:colcon.colcon_core.package_selection:Skipping not selected package 'robotics_proj' in 'src/robotics_proj'
[0.288s] INFO:colcon.colcon_core.package_selection:Skipping not selected package 'test_robotics_proj' in 'src/test_robotics_proj'
[0.288s] Level 1:colcon.colcon_core.package_discovery:discover_packages(prefix_path) check parameters
[0.288s] Level 1:colcon.colcon_core.package_discovery:discover_packages(prefix_path) discover
[0.291s] DEBUG:colcon.colcon_installed_package_information.package_discovery:Found 1 installed packages in /home/pc/MG_motor_ws/install
[0.291s] DEBUG:colcon.colcon_installed_package_information.package_discovery:Found 3 installed packages in /home/pc/ros2_ws/install
[0.291s] DEBUG:colcon.colcon_installed_package_information.package_discovery:Found 10 installed packages in /home/pc/mobile_ws/install
[0.292s] DEBUG:colcon.colcon_installed_package_information.package_discovery:Found 273 installed packages in /opt/ros/humble
[0.293s] Level 1:colcon.colcon_core.package_discovery:discover_packages(prefix_path) using defaults
[0.320s] Level 5:colcon.colcon_core.verb:set package 'robotics_interfaces' build argument 'cmake_args' from command line to 'None'
[0.320s] Level 5:colcon.colcon_core.verb:set package 'robotics_interfaces' build argument 'cmake_target' from command line to 'None'
[0.320s] Level 5:colcon.colcon_core.verb:set package 'robotics_interfaces' build argument 'cmake_target_skip_unavailable' from command line to 'False'
[0.320s] Level 5:colcon.colcon_core.verb:set package 'robotics_interfaces' build argument 'cmake_clean_cache' from command line to 'False'
[0.320s] Level 5:colcon.colcon_core.verb:set package 'robotics_interfaces' build argument 'cmake_clean_first' from command line to 'False'
[0.320s] Level 5:colcon.colcon_core.verb:set package 'robotics_interfaces' build argument 'cmake_force_configure' from command line to 'False'
[0.320s] Level 5:colcon.colcon_core.verb:set package 'robotics_interfaces' build argument 'ament_cmake_args' from command line to 'None'
[0.320s] Level 5:colcon.colcon_core.verb:set package 'robotics_interfaces' build argument 'catkin_cmake_args' from command line to 'None'
[0.320s] Level 5:colcon.colcon_core.verb:set package 'robotics_interfaces' build argument 'catkin_skip_building_tests' from command line to 'False'
[0.320s] DEBUG:colcon.colcon_core.verb:Building package 'robotics_interfaces' with the following arguments: {'ament_cmake_args': None, 'build_base': '/home/pc/ros2_ws/build/robotics_interfaces', 'catkin_cmake_args': None, 'catkin_skip_building_tests': False, 'cmake_args': None, 'cmake_clean_cache': False, 'cmake_clean_first': False, 'cmake_force_configure': False, 'cmake_target': None, 'cmake_target_skip_unavailable': False, 'install_base': '/home/pc/ros2_ws/install/robotics_interfaces', 'merge_install': False, 'path': '/home/pc/ros2_ws/src/robotics_interfaces', 'symlink_install': False, 'test_result_base': None}
[0.320s] INFO:colcon.colcon_core.executor:Executing jobs using 'parallel' executor
[0.321s] DEBUG:colcon.colcon_parallel_executor.executor.parallel:run_until_complete
[0.321s] INFO:colcon.colcon_ros.task.ament_cmake.build:Building ROS package in '/home/pc/ros2_ws/src/robotics_interfaces' with build type 'ament_cmake'
[0.321s] INFO:colcon.colcon_cmake.task.cmake.build:Building CMake package in '/home/pc/ros2_ws/src/robotics_interfaces'
[0.323s] INFO:colcon.colcon_core.plugin_system:Skipping extension 'colcon_core.shell.bat': Not used on non-Windows systems
[0.323s] INFO:colcon.colcon_core.shell:Skip shell extension 'powershell' for command environment: Not usable outside of PowerShell
[0.323s] DEBUG:colcon.colcon_core.shell:Skip shell extension 'dsv' for command environment
[0.330s] DEBUG:colcon.colcon_core.event_handler.log_command:Invoking command in '/home/pc/ros2_ws/build/robotics_interfaces': CMAKE_PREFIX_PATH=${CMAKE_PREFIX_PATH}:/home/pc/MG_motor_ws/install/MG_Motor_test:/home/pc/mobile_ws/install/sensing_pkg:/home/pc/mobile_ws/install/my_turtle_proj:/home/pc/mobile_ws/install/lec_pkg_py:/home/pc/mobile_ws/install/dxl_pwm_control:/home/pc/ros2_ws/install/test_robotics_proj:/home/pc/ros2_ws/install/robotics_proj:/opt/ros/humble /usr/bin/cmake --build /home/pc/ros2_ws/build/robotics_interfaces -- -j16 -l16
[2.547s] DEBUG:colcon.colcon_core.event_handler.log_command:Invoked command in '/home/pc/ros2_ws/build/robotics_interfaces' returned '0': CMAKE_PREFIX_PATH=${CMAKE_PREFIX_PATH}:/home/pc/MG_motor_ws/install/MG_Motor_test:/home/pc/mobile_ws/install/sensing_pkg:/home/pc/mobile_ws/install/my_turtle_proj:/home/pc/mobile_ws/install/lec_pkg_py:/home/pc/mobile_ws/install/dxl_pwm_control:/home/pc/ros2_ws/install/test_robotics_proj:/home/pc/ros2_ws/install/robotics_proj:/opt/ros/humble /usr/bin/cmake --build /home/pc/ros2_ws/build/robotics_interfaces -- -j16 -l16
[2.556s] DEBUG:colcon.colcon_core.event_handler.log_command:Invoking command in '/home/pc/ros2_ws/build/robotics_interfaces': CMAKE_PREFIX_PATH=${CMAKE_PREFIX_PATH}:/home/pc/MG_motor_ws/install/MG_Motor_test:/home/pc/mobile_ws/install/sensing_pkg:/home/pc/mobile_ws/install/my_turtle_proj:/home/pc/mobile_ws/install/lec_pkg_py:/home/pc/mobile_ws/install/dxl_pwm_control:/home/pc/ros2_ws/install/test_robotics_proj:/home/pc/ros2_ws/install/robotics_proj:/opt/ros/humble /usr/bin/cmake --install /home/pc/ros2_ws/build/robotics_interfaces
[2.620s] Level 1:colcon.colcon_core.environment:create_environment_scripts_only(robotics_interfaces)
[2.620s] DEBUG:colcon.colcon_core.event_handler.log_command:Invoked command in '/home/pc/ros2_ws/build/robotics_interfaces' returned '0': CMAKE_PREFIX_PATH=${CMAKE_PREFIX_PATH}:/home/pc/MG_motor_ws/install/MG_Motor_test:/home/pc/mobile_ws/install/sensing_pkg:/home/pc/mobile_ws/install/my_turtle_proj:/home/pc/mobile_ws/install/lec_pkg_py:/home/pc/mobile_ws/install/dxl_pwm_control:/home/pc/ros2_ws/install/test_robotics_proj:/home/pc/ros2_ws/install/robotics_proj:/opt/ros/humble /usr/bin/cmake --install /home/pc/ros2_ws/build/robotics_interfaces
[2.624s] Level 1:colcon.colcon_core.environment:checking '/home/pc/ros2_ws/install/robotics_interfaces' for CMake module files
[2.625s] Level 1:colcon.colcon_core.environment:checking '/home/pc/ros2_ws/install/robotics_interfaces' for CMake config files
[2.626s] Level 1:colcon.colcon_core.shell:create_environment_hook('robotics_interfaces', 'cmake_prefix_path')
[2.626s] INFO:colcon.colcon_core.shell:Creating environment hook '/home/pc/ros2_ws/install/robotics_interfaces/share/robotics_interfaces/hook/cmake_prefix_path.ps1'
[2.627s] INFO:colcon.colcon_core.shell:Creating environment descriptor '/home/pc/ros2_ws/install/robotics_interfaces/share/robotics_interfaces/hook/cmake_prefix_path.dsv'
[2.627s] INFO:colcon.colcon_core.shell:Creating environment hook '/home/pc/ros2_ws/install/robotics_interfaces/share/robotics_interfaces/hook/cmake_prefix_path.sh'
[2.628s] Level 1:colcon.colcon_core.environment:checking '/home/pc/ros2_ws/install/robotics_interfaces/lib'
[2.628s] Level 1:colcon.colcon_core.shell:create_environment_hook('robotics_interfaces', 'ld_library_path_lib')
[2.628s] INFO:colcon.colcon_core.shell:Creating environment hook '/home/pc/ros2_ws/install/robotics_interfaces/share/robotics_interfaces/hook/ld_library_path_lib.ps1'
[2.629s] INFO:colcon.colcon_core.shell:Creating environment descriptor '/home/pc/ros2_ws/install/robotics_interfaces/share/robotics_interfaces/hook/ld_library_path_lib.dsv'
[2.629s] INFO:colcon.colcon_core.shell:Creating environment hook '/home/pc/ros2_ws/install/robotics_interfaces/share/robotics_interfaces/hook/ld_library_path_lib.sh'
[2.629s] Level 1:colcon.colcon_core.environment:checking '/home/pc/ros2_ws/install/robotics_interfaces/bin'
[2.630s] Level 1:colcon.colcon_core.environment:checking '/home/pc/ros2_ws/install/robotics_interfaces/lib/pkgconfig/robotics_interfaces.pc'
[2.630s] Level 1:colcon.colcon_core.environment:checking '/home/pc/ros2_ws/install/robotics_interfaces/lib/python3.10/site-packages'
[2.630s] Level 1:colcon.colcon_core.environment:checking '/home/pc/ros2_ws/install/robotics_interfaces/bin'
[2.630s] INFO:colcon.colcon_core.shell:Creating package script '/home/pc/ros2_ws/install/robotics_interfaces/share/robotics_interfaces/package.ps1'
[2.631s] INFO:colcon.colcon_core.shell:Creating package descriptor '/home/pc/ros2_ws/install/robotics_interfaces/share/robotics_interfaces/package.dsv'
[2.632s] INFO:colcon.colcon_core.shell:Creating package script '/home/pc/ros2_ws/install/robotics_interfaces/share/robotics_interfaces/package.sh'
[2.633s] INFO:colcon.colcon_core.shell:Creating package script '/home/pc/ros2_ws/install/robotics_interfaces/share/robotics_interfaces/package.bash'
[2.633s] INFO:colcon.colcon_core.shell:Creating package script '/home/pc/ros2_ws/install/robotics_interfaces/share/robotics_interfaces/package.zsh'
[2.634s] Level 1:colcon.colcon_core.environment:create_file_with_runtime_dependencies(/home/pc/ros2_ws/install/robotics_interfaces/share/colcon-core/packages/robotics_interfaces)
[2.635s] Level 1:colcon.colcon_core.environment:create_environment_scripts_only(robotics_interfaces)
[2.635s] Level 1:colcon.colcon_core.environment:checking '/home/pc/ros2_ws/install/robotics_interfaces' for CMake module files
[2.636s] Level 1:colcon.colcon_core.environment:checking '/home/pc/ros2_ws/install/robotics_interfaces' for CMake config files
[2.636s] Level 1:colcon.colcon_core.shell:create_environment_hook('robotics_interfaces', 'cmake_prefix_path')
[2.637s] INFO:colcon.colcon_core.shell:Creating environment hook '/home/pc/ros2_ws/install/robotics_interfaces/share/robotics_interfaces/hook/cmake_prefix_path.ps1'
[2.637s] INFO:colcon.colcon_core.shell:Creating environment descriptor '/home/pc/ros2_ws/install/robotics_interfaces/share/robotics_interfaces/hook/cmake_prefix_path.dsv'
[2.637s] INFO:colcon.colcon_core.shell:Creating environment hook '/home/pc/ros2_ws/install/robotics_interfaces/share/robotics_interfaces/hook/cmake_prefix_path.sh'
[2.638s] Level 1:colcon.colcon_core.environment:checking '/home/pc/ros2_ws/install/robotics_interfaces/lib'
[2.638s] Level 1:colcon.colcon_core.shell:create_environment_hook('robotics_interfaces', 'ld_library_path_lib')
[2.638s] INFO:colcon.colcon_core.shell:Creating environment hook '/home/pc/ros2_ws/install/robotics_interfaces/share/robotics_interfaces/hook/ld_library_path_lib.ps1'
[2.639s] INFO:colcon.colcon_core.shell:Creating environment descriptor '/home/pc/ros2_ws/install/robotics_interfaces/share/robotics_interfaces/hook/ld_library_path_lib.dsv'
[2.639s] INFO:colcon.colcon_core.shell:Creating environment hook '/home/pc/ros2_ws/install/robotics_interfaces/share/robotics_interfaces/hook/ld_library_path_lib.sh'
[2.639s] Level 1:colcon.colcon_core.environment:checking '/home/pc/ros2_ws/install/robotics_interfaces/bin'
[2.639s] Level 1:colcon.colcon_core.environment:checking '/home/pc/ros2_ws/install/robotics_interfaces/lib/pkgconfig/robotics_interfaces.pc'
[2.640s] Level 1:colcon.colcon_core.environment:checking '/home/pc/ros2_ws/install/robotics_interfaces/lib/python3.10/site-packages'
[2.640s] Level 1:colcon.colcon_core.environment:checking '/home/pc/ros2_ws/install/robotics_interfaces/bin'
[2.640s] INFO:colcon.colcon_core.shell:Creating package script '/home/pc/ros2_ws/install/robotics_interfaces/share/robotics_interfaces/package.ps1'
[2.641s] INFO:colcon.colcon_core.shell:Creating package descriptor '/home/pc/ros2_ws/install/robotics_interfaces/share/robotics_interfaces/package.dsv'
[2.641s] INFO:colcon.colcon_core.shell:Creating package script '/home/pc/ros2_ws/install/robotics_interfaces/share/robotics_interfaces/package.sh'
[2.642s] INFO:colcon.colcon_core.shell:Creating package script '/home/pc/ros2_ws/install/robotics_interfaces/share/robotics_interfaces/package.bash'
[2.642s] INFO:colcon.colcon_core.shell:Creating package script '/home/pc/ros2_ws/install/robotics_interfaces/share/robotics_interfaces/package.zsh'
[2.642s] Level 1:colcon.colcon_core.environment:create_file_with_runtime_dependencies(/home/pc/ros2_ws/install/robotics_interfaces/share/colcon-core/packages/robotics_interfaces)
[2.643s] DEBUG:colcon.colcon_parallel_executor.executor.parallel:closing loop
[2.643s] DEBUG:colcon.colcon_parallel_executor.executor.parallel:loop closed
[2.643s] DEBUG:colcon.colcon_parallel_executor.executor.parallel:run_until_complete finished with '0'
[2.643s] DEBUG:colcon.colcon_core.event_reactor:joining thread
[2.648s] INFO:colcon.colcon_core.plugin_system:Skipping extension 'colcon_notification.desktop_notification.terminal_notifier': Not used on non-Darwin systems
[2.648s] INFO:colcon.colcon_core.plugin_system:Skipping extension 'colcon_notification.desktop_notification.win32': Not used on non-Windows systems
[2.648s] INFO:colcon.colcon_notification.desktop_notification:Sending desktop notification using 'notify2'
[2.663s] DEBUG:colcon.colcon_core.event_reactor:joined thread
[2.664s] INFO:colcon.colcon_core.shell:Creating prefix script '/home/pc/ros2_ws/install/local_setup.ps1'
[2.665s] INFO:colcon.colcon_core.shell:Creating prefix util module '/home/pc/ros2_ws/install/_local_setup_util_ps1.py'
[2.666s] INFO:colcon.colcon_core.shell:Creating prefix chain script '/home/pc/ros2_ws/install/setup.ps1'
[2.668s] INFO:colcon.colcon_core.shell:Creating prefix script '/home/pc/ros2_ws/install/local_setup.sh'
[2.669s] INFO:colcon.colcon_core.shell:Creating prefix util module '/home/pc/ros2_ws/install/_local_setup_util_sh.py'
[2.669s] INFO:colcon.colcon_core.shell:Creating prefix chain script '/home/pc/ros2_ws/install/setup.sh'
[2.671s] INFO:colcon.colcon_core.shell:Creating prefix script '/home/pc/ros2_ws/install/local_setup.bash'
[2.672s] INFO:colcon.colcon_core.shell:Creating prefix chain script '/home/pc/ros2_ws/install/setup.bash'
[2.673s] INFO:colcon.colcon_core.shell:Creating prefix script '/home/pc/ros2_ws/install/local_setup.zsh'
[2.674s] INFO:colcon.colcon_core.shell:Creating prefix chain script '/home/pc/ros2_ws/install/setup.zsh'
